2 0 1
9 2 3 4 5 6 7 8 9 10
9 11 12 13 14 15 16 17 18 19
14 20 21 22 23 24 25 26 27 28 29 30 31 32 33
6 34 35 36 37 38 39
9 40 41 42 43 44 45 46 47 48
6 49 50 51 52 53 54
12 55 56 57 58 59 60 61 62 63 64 65 66
5 67 68 69 70 71
7 72 73 74 75 76 77 78
10 79 80 81 82 83 84 85 86 87 88
7 89 90 91 92 93 94 95
5 96 97 98 99 100
8 101 102 103 104 105 106 107 108
14 109 110 111 112 113 114 115 116 117 118 119 120 121 122
8 123 124 125 126 127 128 129 130
2 131 132
6 133 134 135 136 137 138
7 139 140 141 142 143 144 145
4 146 147 148 149
2 150 151
2 152 153
7 154 155 156 157 158 159 160
4 161 162 163 164
5 165 166 167 168 169
5 170 171 172 173 174
6 175 176 177 178 179 180
3 181 182 183
9 184 185 186 187 188 189 190 191 192
3 193 194 195
10 196 197 198 199 200 201 202 203 204 205
5 206 207 208 209 210
7 211 212 213 214 215 216 217
11 218 219 220 221 222 223 224 225 226 227 228
7 229 230 231 232 233 234 235
7 236 237 238 239 240 241 242
5 243 244 245 246 247
9 248 249 250 251 252 253 254 255 256
10 257 258 259 260 261 262 263 264 265 266
6 267 268 269 270 271 272
2 273 274
6 275 276 277 278 279 280
12 281 282 283 284 285 286 287 288 289 290 291 292
7 293 294 295 296 297 298 299
0 
0 
0 
0 
0 
0 
0 
0 
0 
0 
0 
0 
0 
0 
0 
0 
0 
0 
0 
0 
0 
0 
0 
0 
0 
0 
0 
0 
0 
0 
0 
0 
0 
0 
0 
0 
0 
0 
0 
0 
0 
0 
0 
0 
0 
0 
0 
0 
0 
0 
0 
0 
0 
0 
0 
0 
