3 234 172 250
3 221 128 115
3 36 213 35
4 167 230 5 149
4 168 224 138 132
3 65 281 264
3 34 222 67
3 179 29 238
3 99 102 66
3 108 284 292
3 54 40 98
3 184 14 43
4 216 39 139 257
3 275 122 145
3 110 217 17
3 180 188 255
3 87 28 55
3 33 241 266
3 41 254 112
3 164 244 182
4 116 202 205 165
3 8 243 141
3 88 204 100
3 72 239 265
3 4 86 215
3 299 158 252
3 286 82 152
4 0 277 131 274
4 80 214 10 49
3 134 26 106
3 7 185 297
3 103 157 242
3 296 96 31
3 24 121 142
3 212 295 59
3 85 174 20
3 249 64 192
3 246 3 120
3 210 209 71
3 75 268 12
3 62 50 104
3 220 61 47
3 161 253 288
3 294 282 280
3 159 258 97
3 13 170 229
3 162 109 270
3 92 22 279
3 148 146 78
3 133 68 176
3 203 298 37
3 193 27 231
3 127 207 155
3 276 11 262
3 58 195 194
3 259 191 251
3 136 236 196
3 95 111 223
3 137 271 30
3 260 117 186
3 150 76 293
3 227 177 46
3 56 89 143
3 144 147 233
3 107 160 154
3 225 190 178
3 218 197 256
3 171 114 206
3 263 6 123
3 105 73 135
3 187 93 153
3 74 140 9
3 38 283 77
3 267 119 52
3 261 81 169
3 273 23 69
3 125 291 208
3 198 118 84
3 18 237 126
3 44 70 189
3 19 25 94
3 15 269 240
3 290 163 228
3 285 48 272
3 60 42 211
3 57 101 247
3 200 45 151
3 63 235 278
3 113 287 130
2 129 83
3 166 201 175
2 53 51
2 232 16
2 226 181
3 79 124 173
2 245 219
3 91 248 183
2 21 199
2 32 289
3 156 90 1
