10 1900 9869 6222 8799 7045 1470 4125 7962 6471 4775
6 7005 3840 7915 9038 7716 1039
9 837 5751 523 5473 3729 2119 6203 97 2309
7 48 5025 422 550 2320 2176 9032
12 2009 854 2426 4223 8774 3436 5351 4046 9774 4369 7028 2793
13 3156 3564 892 8155 8956 2393 2355 6451 3699 8821 4452 4816 7447
13 303 4346 3170 3795 2992 1002 7645 6165 5941 6326 1672 6081 4407
15 4839 6361 6160 1363 8566 8882 4781 9815 2935 6425 7407 8470 3439 851 8531
11 4094 311 986 7687 193 7594 2 8843 5632 6629 3682
11 5497 3692 3112 4031 8420 3510 5689 5366 732 2875 1603
12 1335 1090 4115 4247 1710 9641 2383 9566 1913 3416 6162 4164
11 445 4706 6402 9737 4300 9790 5187 6897 3550 924 3382
10 3580 6307 4724 5847 4099 7278 6563 3961 883 8928
12 8703 376 902 3623 354 6196 8300 6858 1746 9183 1996 514
12 1138 6851 726 2006 1414 6582 8179 2729 6567 7353 9724 6167
13 4059 3208 284 6133 374 6360 3974 2332 5054 232 2921 9962 1578
11 5137 2941 9654 462 3425 4128 9160 6420 4561 2042 5052
14 1992 3245 8728 5516 9255 8176 9065 9171 1523 6927 2281 4204 3263 4430
14 4377 6004 1100 2661 128 8984 9187 6833 6181 9734 7220 1965 9400 5984
11 2949 6338 3133 4227 5699 7077 9804 5101 81 8516 2242
13 606 1269 8671 1884 4709 4213 3524 7793 6332 1767 1371 7637 359
9 3444 7572 8653 147 2751 5593 1747 5904 8250
12 7318 2881 4109 5012 2240 4689 4703 8259 5451 9335 7397 6192
10 7429 9411 7759 7574 2078 8617 7682 2745 2360 2948
12 8292 6003 3414 1222 599 4285 315 2291 326 2644 5519 7926
12 7936 1794 4873 6305 6248 9838 4821 8830 5600 7417 1451 7982
10 4435 2357 8191 506 4062 7148 2979 933 5169 1325
12 8630 1625 3655 7569 6670 1330 4499 2670 1870 4804 3967 7746
11 9084 2651 2706 9303 3991 8682 5163 4921 2084 2398 7790
12 8518 9559 921 2399 2079 7614 3583 624 8813 2417 8562 1155
12 5018 2316 7186 4914 8631 4353 6029 5486 2247 2351 4608 3206
12 9888 8085 9761 3394 313 645 7770 2649 3843 2285 8233 6943
12 6807 5406 6575 9289 2327 2737 2429 7636 7446 7610 3808 8732
10 9913 6024 3530 4558 1048 5957 682 8938 6149 5952
10 9256 211 691 2482 3251 9784 7668 5134 723 1680
10 5299 6048 6985 8816 949 6730 3292 4802 8419 7935
11 1815 9202 2107 3403 3989 2230 2179 83 8284 6089 1175
8 9675 4153 6698 7804 6205 9018 3908 2646
11 7952 8588 8737 8840 1980 2244 2039 3946 9709 5614 9844
14 2576 7956 4511 4704 3311 6633 9139 3009 8326 5520 4789 219 930 6006
11 2296 7690 245 4260 3326 6839 3534 9512 7418 7504 1850
11 1209 563 8190 6818 65 1587 3495 9136 9983 1181 3650
11 1664 7442 6409 3773 6138 2115 7999 3269 621 1065 9780
14 3457 9207 3176 5218 6058 1250 2467 4003 4806 3459 433 863 2362 5824
11 1993 3958 4537 8876 5001 8150 8560 6025 1050 4358 4334
9 190 6023 713 5433 908 4686 5622 5534 5908
12 8271 1349 739 5907 5879 6474 4248 2497 4044 6061 9378 7638
11 6783 2060 6677 5743 4965 5829 9179 2504 7738 505 2690
12 6135 8338 9819 4677 2415 8038 122 5503 2401 7927 1687 1107
11 9020 187 8102 6399 5491 724 2776 9395 5582 1941 5490
11 268 6039 9037 1220 4002 1047 9424 2596 8896 4798 5194
11 7293 3047 8713 7941 7301 3952 5679 2323 1810 3756 7105
10 5113 9610 9992 1584 4246 9167 5792 4595 3750 4036
11 6115 7373 4544 1113 7490 2969 5394 997 816 8030 8087
14 1528 2026 4882 1630 3531 6168 4594 1402 8214 2129 3474 2874 2780 2052
10 5192 9549 8412 6538 2900 6200 3271 6442 6054 2041
14 920 1170 1773 4815 9511 1745 1637 5161 4119 428 2653 9130 1711 8844
11 2920 7768 9345 9286 8207 1324 194 5690 2178 874 6376
11 84 8112 8187 5112 4170 4035 8009 3842 6655 6859 5963
11 1492 8118 3721 780 239 9950 8932 6413 3748 7007 1781
10 4379 5598 8642 2551 2338 4318 8510 1597 6283 5479
8 7640 6252 3790 9823 6898 867 2632 2990
12 677 1054 7709 5304 4167 2382 2477 2665 9510 2299 6593 7006
14 7399 3817 3068 439 4450 7422 9620 5540 1177 2754 5050 7737 8916 4748
10 2432 2838 6076 3615 1942 1106 4406 6156 5352 2068
11 7270 7253 6316 141 4495 1592 6699 5915 9012 1365 2712
12 5445 1866 856 7323 9735 3789 3443 7217 6643 1828 5611 2081
11 3743 4536 3632 8747 7234 4843 7000 6741 8247 8493 5911
11 9698 166 7129 9503 1206 4863 5082 674 4520 7588 5303
12 3527 9680 8698 7787 1521 1800 5875 6703 1266 8691 7351 7578
11 1305 6607 1613 8869 6879 6574 7724 7631 8873 8542 358
12 7320 5060 2695 8521 5998 6571 9987 1872 104 2913 2947 1196
10 1978 3816 5746 4653 5279 2444 9410 1431 2274 6137
11 6654 4421 3105 9505 4652 6078 3970 4423 8603 442 698
13 3988 2559 7612 9087 9291 3732 9526 3866 7799 1529 5292 7536 2037
13 8329 6502 1845 6663 6752 2927 6529 1524 9075 9425 1827 1316 6359
12 769 9626 8128 4387 5902 3482 5566 4720 3648 5093 8546 3232
12 2106 5970 1406 1407 7380 4938 4274 2942 173 521 7683 6707
9 6456 6971 9030 6799 9297 8421 7867 8889 5307
13 6901 4948 2313 5686 3249 779 2335 2375 1105 1449 2602 7363 2841
12 1438 6293 5241 711 4249 6122 8188 3999 9799 8228 34 1370
10 7070 3051 9226 4583 7334 8591 9026 9469 267 4560
10 3253 5887 1215 4836 5308 6161 3470 7528 9233 2367
9 700 41 7263 5782 4008 1201 8760 4712 4335
11 3607 8104 6186 2143 3050 9645 7567 4154 2412 6446 9028
15 9393 8489 8458 419 2605 9473 9845 1102 8261 8534 1791 5317 6975 7455 8220
10 1178 1874 5535 3334 7064 5954 8903 4992 3532 5133
10 945 5477 7846 507 8447 601 716 2116 7272 8498
10 3471 7692 5901 7811 1796 3038 1357 4989 4278 9320
12 4885 6329 3167 9156 7372 9871 9114 5976 252 4584 256 2104
13 1315 8675 9806 4207 5359 1752 7342 7769 639 4493 8656 824 1237
9 8149 4090 7816 7874 8715 4024 8099 2062 3230
11 1543 568 8086 1079 9109 4555 3799 7629 6155 7879 670
12 5424 5719 4376 846 9433 2791 6597 4834 9407 9556 5083 9687
10 7475 3739 2673 5160 1689 9376 1466 1042 2580 8452
12 6694 8055 9466 168 1176 8551 6900 1681 4906 1352 1761 178
9 1066 169 9743 6491 5662 8767 499 8127 2045
13 4309 3758 7092 5783 7366 5764 4667 3691 5367 3667 3704 2205 3006
11 4214 3605 3542 9617 9576 475 1455 1804 8748 2882 676
10 3572 9134 2260 6392 7208 1967 8426 2128 1561 4675
10 6110 7346 6279 2074 2395 6008 8583 3299 8039 4484
10 9216 3398 9563 8973 5837 5523 8590 636 518 1417
13 6780 5189 3030 9144 1560 3904 1282 580 1078 8283 2122 1409 8108
10 9544 5295 3779 7984 39 457 2190 3210 800 103
7 6794 2742 1311 7468 4359 3841 5353
11 9523 4028 2464 1723 1251 9968 1355 4366 7619 537 8258
10 3236 549 704 2261 4404 3377 5008 8659 5906 5724
13 8024 2293 7704 9452 5213 3651 5306 9789 8610 2613 4988 5729 2971
9 9851 4958 1564 7193 2319 5340 7149 2023 754
9 157 2696 6842 4245 3710 1294 5913 8437 536
10 9852 5234 8664 2167 8609 482 1628 4356 6380 7872
11 5744 8367 934 2233 6825 8324 9112 9930 27 6856 1853
13 7229 3196 9282 8213 8075 9513 9657 8951 272 2702 1471 6719 2303
10 222 3849 1784 9564 6984 7119 9763 1876 9944 5183
12 4894 7088 3364 1553 1676 5579 3454 1840 3924 6758 3446 895
12 4833 8962 6956 2967 98 751 1345 7847 5584 8995 7250 9009
12 2356 5615 5766 9262 2748 7794 1245 1716 3940 3332 2526 4244
8 8509 4494 842 6805 8225 1299 5472 8071
12 88 7319 992 8434 3220 5710 2714 9658 2479 7648 7167 3888
14 9581 2828 1908 3036 4673 3807 3826 3512 8547 2899 278 3747 1169 6680
7 3951 8955 9696 1332 6321 4847 8772
11 8175 5654 5332 8506 8505 1534 4384 8745 2760 4734 793
10 530 6188 3793 4939 2159 8246 8492 8029 4074 9624
9 4184 3239 4355 799 4711 4957 3130 6375 2461
11 8204 8868 1101 6379 2390 4117 4264 9159 4395 1203 3361
12 2581 7889 7398 2110 1771 6437 133 4970 742 1921 8576 4890
11 2571 24 8792 4895 708 4696 8693 886 1012 1328 5502
12 5890 3276 5853 2207 6247 6921 6062 5120 3731 5715 2236 544
11 3329 617 5711 5064 448 8193 4291 3811 1393 7179 11
10 6952 2999 2981 5557 9508 8296 6422 4840 2048 3421
9 2917 7243 1494 4869 3370 7929 1319 9101 4523
10 6150 4713 1725 2893 8134 3053 5700 2996 5032 43
11 6656 8555 6630 3921 4937 8993 8101 979 9441 7101 3164
7 6457 9538 3966 7792 4111 2718 714
10 4679 9042 2639 1142 7355 3537 8291 332 7608 7887
10 4414 159 4200 1660 3636 3621 2330 7361 310 9959
10 6044 4973 5808 4717 947 9278 9917 4828 9077 7817
9 3333 8378 2809 3798 353 7176 5124 7556 3345
13 585 4194 9947 5866 9151 9586 9574 7394 6923 5565 318 9027 3668
9 9935 511 2108 7444 2513 2468 7274 7605 215
11 8578 7576 8640 7080 6920 4256 4624 2957 512 6802 634
9 8382 1601 8229 5417 8628 4764 7987 130 1650
13 1635 6843 6836 2641 2867 6498 8212 9118 6977 516 6863 9268 5321
12 9401 5868 8652 7456 5860 9632 8548 2857 2505 786 6131 5220
13 9305 3786 4525 2577 8892 646 5405 6503 4591 8093 8817 8177 7653
11 7913 6485 7884 9199 9981 7316 9263 6873 6565 2414 3796
10 6404 7171 1309 7876 5250 8597 2498 6179 1839 118
10 9768 102 4756 5777 3740 5748 6605 4635 2142 3182
7 8978 2480 4605 6659 5238 6414 3751
12 1867 9707 8708 7934 2015 4141 7140 5123 2715 1338 1612 3198
10 4665 629 5663 9180 1667 812 8160 2246 9547 484
11 7928 4502 8686 4195 7004 2539 8273 7958 2955 4892 2584
11 297 8449 9068 9370 7763 216 3124 561 279 2732 7593
12 3869 5089 3629 9561 8644 1412 2206 7237 2771 285 2254 7212
12 19 375 1323 3875 6473 4072 3174 458 1275 1224 817 4529
11 5510 9926 6237 5182 9046 3181 6716 275 659 5552 6337
10 273 950 6340 2907 4782 6713 8960 4314 6223 7072
10 5358 1627 2292 3205 7647 9270 8798 2924 699 305
9 9627 3203 7602 2118 8033 7650 2547 6940 2633
11 4437 6132 1480 9362 1024 4045 4105 6462 5708 1695 7507
11 1447 2869 4034 3993 8731 1453 5021 8446 4101 151 9240
11 1888 896 7156 1693 9923 8988 6366 90 397 7598 7339
13 9901 6199 8425 5649 8520 6201 6961 1902 1532 6756 9185 8695 2268
9 3103 4056 9705 172 8965 3686 8159 3266 1428
9 5693 956 2585 2297 9666 6874 9089 6556 5706
13 6269 7428 9619 3770 7916 2802 5971 572 6803 7562 4007 3930 62
13 4637 8158 753 1910 7840 7882 9475 3785 1733 7286 8410 870 3570
14 9976 1869 2036 9744 4206 2910 4293 9209 4014 8539 4805 8763 412 8034
15 9514 3693 1228 6942 7877 4063 7903 3601 9681 6345 4658 6734 1891 1875 1899
12 9412 9890 5899 7209 3877 6907 7312 8761 485 4876 8646 1915
12 3257 8614 6393 6909 2132 9264 3493 3307 5453 5309 520 4398
10 8351 4593 8782 7464 85 596 7543 6737 839 3749
10 7249 1864 403 6672 8620 3938 3574 3319 5041 2766
11 61 2536 6182 4767 3566 4396 5730 5031 4064 1145 3213
12 2519 1984 1111 1994 9165 9729 3466 1248 7707 6620 7622 319
10 8587 2578 5289 2304 6762 8413 4942 290 808 8749
11 6916 6718 1010 4875 2082 876 4224 3461 3193 4835 7907
13 7957 3148 5955 8379 8062 3463 2250 8298 3228 4250 7474 5268 968
10 6296 9138 5377 6333 7967 7009 1937 3547 3391 7332
8 2135 2566 6639 5712 4877 9249 1999 578
11 3549 7116 775 9752 4772 6128 7197 1218 7210 2156 7177
10 3024 1620 1838 9382 4854 7812 9361 2033 6974 3962
11 1515 6922 9035 4615 5143 3879 2835 1860 7661 7516 114
10 2147 2686 1697 1634 7078 4279 3216 4173 6855 2850
9 6765 4969 494 6642 4636 9629 9175 1302 8961
13 4687 2963 4143 2275 9537 6864 6764 6163 1436 2662 6245 8135 3187
11 7975 2385 9002 9478 1353 4344 1132 7546 7277 4098 801
13 7553 9409 7041 8023 9543 9710 9292 9651 7205 3114 7403 9602 7966
9 4829 1862 9481 5569 2589 7732 9420 9612 5511
11 2774 2711 9450 444 3775 338 8182 1198 2684 152 9107
14 1273 4842 5324 7710 2919 7580 993 6566 4699 4058 7164 8779 9102 8428
12 5227 5381 1550 1040 9265 8444 7150 728 1340 1907 2552 7194
5 3025 6570 5437 3640 8967
10 7911 208 9595 7609 8079 8184 3893 1033 4330 1714
10 9691 3409 9313 5799 3606 881 9100 7389 7503 1320
12 9267 9685 6172 1271 5933 1700 1598 5222 7587 1686 3342 2193
10 961 5601 560 1193 8073 6930 9436 6387 5929 8512
12 3055 6220 4475 802 9031 3901 8285 688 2713 2960 3212 4303
10 2531 8302 9071 7445 1568 6896 9397 1750 2680 1072
12 5090 3384 4485 2928 2315 3754 8616 4777 9969 9188 1179 3652
9 3017 64 55 7691 8094 2231 9963 4528 5558
12 7329 8157 2904 1491 146 5212 7109 4549 8314 9357 5627 913
10 203 5920 7309 6426 529 9033 2021 6102 9821 8662
9 5517 4208 6647 852 3117 1741 8438 9548 2204
11 9003 8586 3435 8791 8901 6865 2717 4159 9636 1168 2667
11 7104 1863 6893 5757 982 4515 6771 6020 1702 8077 7273
13 2788 3270 4867 6634 4705 3462 2515 2228 8991 7627 6648 9682 7821
11 4848 7477 2377 1232 8768 2782 2470 6811 7392 1629 3714
12 3410 3090 4826 5602 8021 9276 4147 4758 4489 7665 6324 917
8 9254 1970 7558 6550 9190 7663 5858 3757
11 7657 8059 2930 2141 9847 5040 3433 4682 2374 4512 8366
10 7198 1527 9477 9394 2235 2954 865 4121 2279 2740
12 6412 3188 241 7135 6562 3986 1834 3487 9462 5006 10 4343
11 8736 1386 922 7097 6120 7870 3278 5391 8209 8720 1448
11 610 656 849 1489 8373 6888 9213 6398 1779 862 4440
15 7965 3855 2512 3697 7020 8309 9182 3666 2790 7912 3565 9939 8339 6169 9945
10 400 5087 4113 3862 2626 1031 8334 841 260 3847
11 5402 1986 7555 4872 8035 3052 9972 928 1932 8439 6469
11 6069 4088 2543 7654 5009 5393 6602 774 8705 3828 9310
12 9504 3029 4913 3314 2220 3845 1963 3476 1255 9039 3873 154
10 1593 92 665 3453 3169 396 9795 3072 4739 3211
14 117 9325 8795 1997 2366 5994 5995 473 4718 8750 877 1889 9490 8046
10 8557 7114 8328 1272 7686 3317 1852 8431 6308 6813
10 3371 8989 5300 6884 7415 4819 9554 5537 8181 6001
9 200 3420 6476 2982 3267 8407 5658 5382 177
11 5205 5628 6746 1734 4654 9800 7830 4947 9111 4135 5166
10 4349 2781 2952 1348 254 498 2938 5167 760 3027
11 6822 9137 4855 8445 7448 2523 8063 3159 9392 4613 9338
11 4307 4661 853 9679 8945 6615 9859 1496 6164 7285 7531
12 6724 417 6652 3325 4104 1415 6832 1057 5779 1756 3494 878
12 3168 502 7864 1221 9731 2663 1041 4645 2031 9079 4259 2804
8 8342 9121 7873 1081 4690 6009 3154 9408
13 2735 3830 6903 6649 7048 9684 1831 935 4776 8545 5962 827 4039
8 3200 3147 8953 4663 545 1842 9701 2863
12 3005 5771 7134 2975 377 7180 2000 9300 5862 3121 2837 237
12 6695 6786 6244 3157 355 8952 4266 6808 6030 6862 1724 3339
11 4761 4643 9769 5816 2898 683 5702 3483 8926 2214 2111
11 8699 655 6912 3054 8573 8970 4429 2431 6312 740 4575
6 4080 4467 4066 5709 7575 7195
9 8406 3442 9846 1803 1639 9874 9458 7276 7327
9 6304 2681 7364 7561 663 6745 5076 8121 546
11 4225 8464 8940 8826 1685 8020 4884 5360 6298 963 8049
10 1200 266 5465 5756 6367 5583 4770 5655 1516 2570
11 627 7494 3122 7172 2648 5380 7440 4323 6882 3673 2109
11 1372 2973 4139 4966 6967 3608 9103 1235 8645 3915 8946
9 8146 9546 4302 6641 9671 9496 183 543 1498
9 6875 6924 2020 6579 7931 3708 9948 668 4198
9 8133 4586 4331 1104 7894 2634 3949 6777 5635
12 3067 100 493 6356 6021 9779 622 8688 4388 1715 7865 1917
10 7357 5507 5285 8878 1692 5158 249 2311 3406 8912
11 4742 5335 4171 9497 1062 2568 5626 6674 1668 8793 6036
5 7993 7118 8227 9234 4397
12 5440 6849 4017 6523 7900 990 1121 2314 1768 6678 2854 7466
10 9974 1384 3066 9127 9341 3362 5371 686 7564 3933
11 7585 1843 380 7224 1873 5815 2153 8361 9630 9539 2232
11 1830 5193 8072 3092 409 7579 689 6743 9419 8357 6820
12 7141 3541 553 9319 2652 9809 6857 9649 3007 8564 7552 5947
8 3197 2384 320 3573 4930 1493 7479 5314
10 975 8637 2442 7764 1005 6989 7807 7802 1163 6980
6 6265 1160 7013 5878 5999 3864
8 8448 7493 2270 2600 4411 6932 2590 1684
10 1995 1475 76 5356 9778 2846 6407 7662 6064 7924
11 4733 2787 9273 4196 951 9070 3939 3992 5027 2451 9208
10 565 1500 6966 7920 5794 7085 6908 4060 8316 7971
10 483 8376 3663 7843 4050 3625 6816 6475 3829 4634
9 6189 8773 5256 3490 8785 9886 3 4985 2209
11 6735 9090 7548 4481 9912 6584 9813 9474 5525 996 3973
9 6547 9712 918 2525 7321 1045 6415 6389 9583
7 2784 1346 4642 3381 2682 608 586
11 533 8274 5369 8028 5017 3722 7762 2264 2407 5372 9099
9 6228 378 6541 6208 7344 1314 9718 3351 619
9 6710 7988 8239 4496 3451 1394 2345 6357 542
11 6418 3513 164 5208 9283 9000 8148 991 5827 1989 1188
12 2603 7451 6740 830 7207 3160 2126 9052 4685 137 7091 5211
10 271 8758 730 6580 4825 1871 9837 9816 2765 7868
11 2278 719 6216 7103 6013 8263 2710 9884 3782 2160 4460
12 2507 8856 8529 7595 2180 2187 3947 5188 2348 9985 8872 8725
12 328 8979 5409 5237 2556 2077 3295 230 1502 9879 8312 4026
10 2934 1109 6198 4150 2241 3907 6558 2892 22 7222
12 2123 2912 1835 3146 6218 6625 5045 3173 9570 4878 8987 9975
11 9996 95 6739 5881 9613 5769 2599 5548 7679 3395 2542
11 1609 1441 1256 5620 9633 4628 2805 209 612 1154 6763
10 8484 8167 8042 4749 6159 575 3578 8161 7656 5106
12 2986 6327 633 9751 6493 8395 5803 382 6085 2017 3360 4597
9 3654 5809 2622 6638 2386 9194 4491 4830 903
10 4935 3622 3475 292 9722 9288 8440 5872 3919 4978
11 1313 772 7628 3430 3199 582 2198 2831 5411 8018 9826
14 2465 5716 2520 7040 1227 1430 2657 1721 1655 5243 7014 9225 7231 4477
11 8559 823 1589 8739 8272 3340 2164 4623 6738 5094 7620
10 9757 9406 6280 196 4365 2614 5541 5656 813 7698
12 6139 6119 9133 5466 7379 2439 9988 244 4085 4276 9327 1165
11 1757 6438 1326 5425 6885 5043 5567 5870 6033 5005 2462
10 4071 4233 300 9702 1364 7347 456 5522 379 2400
10 6410 3190 8585 6757 3469 1443 9228 7383 4092 1508
9 6711 5861 9015 2397 7757 9330 967 5864 946
9 6913 1189 8194 7287 282 7296 7933 487 9853
10 7499 4659 175 6969 5885 1186 9298 4880 7749 1450
9 3972 7535 7701 8007 6982 3450 7570 9498 6253
9 8890 8198 4282 9158 150 5305 1460 1307 8359
9 3375 9128 1580 2972 5698 7236 1709 6319 6234
12 2166 1777 7246 1755 6657 2171 9388 1920 5323 7735 1539 1374
10 4020 9402 3669 9631 1518 8855 8601 9444 1591 1270
12 8262 7196 3138 649 8615 8502 6261 4443 5844 7322 1717 5343
9 9805 8040 3833 9022 4990 7502 2016 7360 8016
12 9965 8786 583 6902 3885 8401 4879 5495 3261 7501 8909 2856
10 5049 6784 4664 7891 1194 9072 3556 6272 8672 7761
9 672 8310 3976 9140 4328 671 8670 2341 3878
10 5282 9842 6749 1774 93 8950 1217 2861 531 2086
10 5727 4021 5539 4048 897 6751 4394 6042 782 7259
11 4984 210 212 463 9920 4924 5514 5958 6068 3328 4033
9 8370 4585 661 1799 47 9023 6066 6251 1474
12 8832 3579 4078 5888 2234 459 1252 477 3049 5701 9153 6370
9 3603 1422 3393 8667 6512 74 7098 8833 2901
11 519 7190 91 3646 1897 402 4607 2501 7750 9247 5882
11 3546 6202 718 7162 4347 6662 1146 6970 7414 2688 5694
11 6053 2245 5967 1013 3772 8918 1537 643 3645 4163 7643
10 7230 69 7174 7232 2061 9191 3867 1023 3997 3323
13 394 7554 9104 9364 4532 5442 5262 5838 1429 938 8842 283 5574
11 423 1512 6742 6098 2548 8990 4029 1008 9237 2640 2768
10 5856 9464 2140 1644 1930 6850 857 5692 4289 889
12 4648 4959 761 4788 4866 6450 6000 3338 3910 4852 6540 5154
13 2720 9864 2217 9628 5818 461 8800 7513 8237 2076 7726 678 4596
12 5086 3891 7861 2181 1263 3584 8368 916 1513 3593 5650 4822
10 4794 3468 2402 9421 8981 1861 385 8293 4521 2636
10 768 1557 5636 7120 1433 5184 6963 7626 6452 1934
10 825 9952 501 4940 6821 6290 399 871 2988 387
9 9625 8801 7010 1030 9785 2777 4617 4858 4107
11 3294 4657 2675 8823 8486 1949 2174 1199 3135 8105 500
9 119 4792 3859 7525 9925 3262 1879 6905 7669
11 9347 4228 3735 5201 864 6708 2959 3717 5023 5042 4478
10 32 7457 1276 3065 7857 3489 5219 6116 6608 3136
10 474 1530 5576 6596 7267 9482 8143 6806 7108 806
10 4980 7693 893 9897 7043 3233 5375 1604 9867 3397
10 9164 8902 8915 2799 5291 7365 9832 214 4850 8593
8 4112 4410 6767 2352 6121 7325 524 6395
7 7471 1565 8485 3396 1297 6669 969
10 7557 5069 9045 9116 8266 1914 202 3776 9447 171
9 5948 5713 6871 7245 618 1264 4405 9941 1945
11 7430 6618 7463 3839 7666 9205 8835 6925 9060 155 5739
9 1240 4205 2216 3424 4352 9150 4258 6262 8511
11 1674 3373 7203 1123 9246 3016 3101 7741 5301 5452 8010
6 5668 6526 2105 5014 5991 9894
12 8787 3585 3418 9738 8854 9640 7384 7633 1504 1469 6883 7914
7 9314 348 1046 8477 2989 7282 3291
10 7465 6537 9817 3149 1387 6772 1647 9929 2694 7680
8 8711 9720 7381 35 5849 6331 5880 4902
11 4910 3557 5426 8766 6002 4087 1424 370 4345 8883 7848
10 1465 8629 6815 8277 4944 365 4714 9652 4870 6353
11 2783 29 4807 9238 6480 9980 826 694 887 1886 6284
9 6123 381 832 6041 709 3316 873 4137 4920
10 6239 1257 9192 9054 1392 970 1509 4043 2558 4360
9 8803 9830 660 3044 6255 4136 9229 4038 2419
10 8435 9316 2072 6587 9934 4426 2958 5981 7778 1241
8 1503 6689 6031 987 9810 7298 6292 7333
11 6831 513 3057 3477 741 5400 2937 9152 5092 4874 7254
11 2056 7211 7191 697 9141 3672 3083 4441 481 4871 8027
9 666 5034 9623 7823 5386 7791 2762 8976 4253
8 3616 2453 5245 4832 4698 223 1098 5080
11 2883 3426 1968 66 6814 4953 1783 9928 5675 5074 6171
10 497 7434 6125 280 5240 965 7081 4221 6747 6904
12 2436 1735 6965 8848 6519 5990 5603 9224 1896 4219 657 8692
11 734 6536 3675 8806 833 4209 2722 1551 6552 3538 6488
13 9306 9820 3596 6012 6173 1211 4787 8343 8173 8917 3894 9080 1457
11 9078 7837 7401 8595 4784 8268 7630 5674 9866 2093 2741
11 8203 942 8346 3746 9463 527 3685 8530 4801 5116 3788
10 4693 5717 957 4656 4068 3765 6059 9442 7086 6829
12 3281 6403 6101 8783 715 3108 4744 3905 6800 8650 701 345
11 109 6430 9011 8996 2885 2151 9405 4232 8450 4326 4851
11 6206 3778 4546 8257 2424 5214 744 4979 2495 9801 3437
11 5235 225 7255 3073 8831 2121 5210 552 6504 7949 1790
11 7314 5678 6877 2184 2455 9321 6268 2284 1396 2025 9742
10 8784 1511 9349 541 8189 250 9132 4539 5804 3581
11 9733 615 8323 4981 9487 6263 4297 9043 510 1501 2447
13 9550 6381 554 9557 1833 843 3925 2731 7143 4093 2645 3498 4651
11 2538 6645 248 7117 9219 3753 9881 6548 3139 1208 1368
11 6466 6804 7994 7901 6067 415 7102 352 5559 126 3912
11 8236 1369 7515 2829 5464 293 112 821 7169 4336 5733
11 3821 2738 2008 1595 4986 8827 9611 4566 658 4857 2173
8 6706 4507 372 5996 1192 6378 5481 3521
13 3555 57 5934 5287 4602 7810 7341 6983 8624 2213 4217 8081 9403
9 1097 3540 7438 342 2601 3077 9449 4786 3354
10 4601 1267 9429 6729 607 6848 405 8796 1143 1776
10 7685 3366 7808 9106 9694 2635 6513 8933 6996 6362
10 4455 5554 9495 7226 5172 1981 9457 3231 1286 1053
12 6424 2511 8681 8694 1738 5892 2537 680 3141 7849 4497 5605
12 7862 9166 8462 8243 4888 5500 7922 4270 6910 357 7021 4316
10 9274 1605 7019 1223 7712 7065 9195 9082 5959 2557
12 5387 6026 5695 6484 3119 3802 6197 6601 3865 4587 7534 4710
12 5721 2305 8575 1729 5070 1110 8814 2248 8103 3701 6609 2956
12 9670 7188 4630 156 9485 15 7066 6722 5704 7508 9706 1816
13 206 4255 4327 4907 9272 2089 720 1281 4372 9333 1233 7616 3127
8 3445 8290 7266 199 2916 120 9299 3401
11 3411 435 138 6946 3783 8025 7860 7551 52 1911 8145
12 4428 2112 1912 6455 3104 2272 8820 9355 7370 408 5619 5136
5 277 2418 1955 8550 8481
10 7677 1883 3990 4130 9836 5457 161 425 3221 7573
12 489 7406 6141 2797 6987 3851 3123 7829 9882 5835 6824 4903
10 3544 8804 1944 6939 1004 9328 6213 9889 847 3082
10 8219 7512 4666 2324 5684 1051 3657 9902 3602 7003
9 3129 6809 5263 8864 9284 3222 1037 692 8432
