4 0 103 113 152
1 1
5 3 188 209 224 247
4 4 119 236 240
3 5 265 285
5 6 226 246 254 262
4 7 112 273 295
5 8 121 172 180 186
1 9
2 10 256
3 11 219 272
1 12
5 13 125 138 275 284
3 14 179 189
3 15 131 250
1 16
1 17
2 18 135
2 19 145
1 20
4 21 150 157 176
6 22 218 230 243 255 293
6 23 225 234 248 267 297
4 24 122 168 169
2 25 258
6 26 187 197 207 213 251
4 27 193 199 280
4 28 171 177 206
4 29 160 201 278
1 30
1 31
3 32 163 194
3 33 110 120
3 34 106 292
2 35 281
2 36 104
1 37
3 38 144 151
6 39 156 159 164 170 196
9 40 167 184 198 204 216 235 261 290
5 41 111 185 205 274
2 42 264
1 43
2 44 141
2 45 270
1 46
1 47
5 48 239 263 276 299
4 50 190 221 228
1 51
1 52
3 53 158 192
5 54 105 134 139 271
1 55
4 56 133 140 229
2 57 149
2 58 126
1 59
2 60 142
7 61 200 212 227 241 259 287
4 62 124 268 283
2 63 143
2 64 178
3 65 102 165
1 66
1 67
6 68 191 202 203 214 233
1 69
3 70 245 282
1 71
2 72 115
5 73 222 237 249 252
4 74 137 148 154
3 75 118 257
2 76 238
1 77
1 78
2 79 153
4 80 114 217 242
4 81 277 291 298
3 82 181 279
2 83 294
1 84
4 85 108 117 211
3 86 195 208
4 87 109 210 215
3 88 116 123
3 89 220 231
5 90 244 269 286 296
2 91 155
4 92 128 162 182
4 93 232 260 289
1 94
5 95 127 136 147 223
4 96 161 174 183
1 97
2 98 288
6 99 107 129 146 166 173
1 100
3 101 253 266
