1 0
4 1 546 562 1324
3 2 717 1022
5 3 804 1109 1203 1284
1 4
2 5 1186
1 6
3 7 1303 1450
1 8
1 9
7 10 708 767 817 876 986 1204
5 11 736 752 919 1140
1 12
1 13
1 14
5 15 665 703 791 1412
1 16
7 17 814 960 1083 1248 1385 1418
1 18
3 19 439 455
2 21 690
6 22 859 904 1034 1201 1354
4 23 816 1336 1388
2 24 431
3 25 1305 1408
2 26 749
4 27 1069 1173 1338
5 28 941 1007 1329 1395
5 29 429 1193 1294 1447
5 30 625 1126 1270 1409
1 31
6 32 508 561 673 1080 1213
1 33
3 34 935 1120
3 35 514 535
2 36 1379
5 37 803 891 1112 1207
1 38
2 39 579
6 40 645 656 735 774 943
6 41 467 709 727 861 1210
3 42 990 1137
2 43 1163
2 44 1239
2 45 1082
3 46 568 667
2 47 488
2 48 424
1 49
2 50 1014
1 51
4 52 620 1073 1317
3 53 869 1199
2 54 1356
4 55 433 684 810
1 56
5 57 479 1157 1196 1280
1 58
1 60
2 61 436
4 62 1250 1313 1377
2 63 1087
2 64 566
3 65 643 675
7 66 536 588 1030 1046 1258 1449
2 67 807
1 68
10 69 481 485 527 634 776 1127 1187 1396 1420
1 70
1 71
5 72 889 973 1133 1433
1 73
5 74 608 631 1177 1302
2 75 1307
3 76 624 710
7 77 863 929 1036 1151 1206 1365
6 78 809 841 918 1005 1227
1 79
2 80 1105
4 81 583 604 910
1 82
5 83 734 838 1042 1095
5 84 423 425 563 819
2 85 557
1 86
3 87 1277 1406
3 88 420 795
1 89
2 90 822
3 91 553 598
7 92 519 560 600 866 993 1038
3 93 753 794
2 94 1002
5 95 478 877 890 926
2 96 1052
5 97 584 672 744 840
7 98 489 513 556 798 1098 1391
1 99
6 100 523 558 1057 1231 1455
1 101
4 102 532 1071 1334
2 103 737
3 104 953 1019
4 105 593 1183 1295
2 106 590
1 107
1 108
8 109 444 506 525 793 832 958 1064
2 110 1246
1 111
2 112 757
3 113 442 447
3 114 1078 1118
7 115 611 655 687 966 1437 1451
6 116 1013 1104 1166 1214 1382
9 117 428 445 449 725 1117 1172 1257 1392
5 118 603 1058 1205 1312
4 119 490 607 648
3 120 586 623
3 121 619 811
2 122 770
1 123
2 124 1149
5 125 895 965 1063 1141
7 126 760 860 1136 1168 1355 1403
4 127 570 923 1454
3 128 457 492
2 129 820
6 130 660 677 689 721 1060
1 131
3 132 1200 1286
8 133 694 704 777 942 984 1265 1357
4 134 751 792 1327
4 135 480 1291 1369
2 137 746
6 138 612 668 837 915 1142
2 139 962
1 140
11 141 528 827 886 974 983 1053 1097 1158 1255 1362
1 143
1 145
9 146 516 552 574 989 1092 1281 1363 1425
4 147 621 899 1287
1 148
4 149 887 988 1139
6 150 461 555 1181 1223 1310
2 151 766
6 152 502 503 884 907 1018
7 153 847 977 996 1182 1292 1427
3 154 922 994
4 155 950 1028 1366
5 156 559 617 630 1208
2 157 432
2 158 1256
6 159 548 1116 1309 1371 1393
2 160 1209
7 161 541 545 716 738 836 955
4 162 1198 1368 1440
2 163 616
7 164 496 905 1079 1217 1340 1400
1 165
4 166 446 1266 1328
4 167 1279 1353 1430
9 168 458 538 592 697 782 851 853 980
8 169 509 572 615 659 719 1010 1444
7 171 772 833 902 921 1164 1274
7 172 483 501 605 1144 1271 1398
7 173 893 936 1029 1100 1245 1321
2 174 1285
4 175 575 650 1413
1 176
5 177 547 701 768 1184
6 178 565 606 622 663 722
2 179 1426
1 180
1 182
2 183 1055
2 184 948
4 185 957 1035 1229
3 186 927 1453
7 187 422 482 499 618 854 1180
1 188
4 189 627 695 758
2 190 443
1 191
3 192 1221 1297
2 193 637
2 194 702
4 195 992 1119 1342
6 196 743 858 888 1012 1043
1 197
3 198 1125 1306
5 199 493 498 522 1323
13 200 454 531 551 920 963 1031 1040 1110 1260 1314 1332 1434
5 201 882 1124 1156 1384
10 202 671 686 733 785 1011 1096 1165 1268 1380
2 203 473
1 204
2 205 1074
5 206 460 1145 1272 1378
4 207 1275 1345 1394
8 208 530 539 806 879 1121 1233 1435
5 209 463 582 644 1228
5 210 494 500 769 796
3 211 573 1390
6 212 497 537 681 938 1147
5 213 947 1050 1161 1215
4 214 885 1089 1267
5 215 657 732 788 1436
5 216 829 928 1143 1301
4 217 1085 1175 1247
2 219 440
3 220 1086 1387
1 221
4 222 426 1026 1283
2 223 898
6 225 524 534 720 741 773
3 226 1197 1432
2 227 1006
1 228
2 229 1374
6 230 632 839 880 997 1088
7 232 771 786 867 1081 1289 1441
9 233 543 646 678 688 843 967 1194 1415
1 234
7 235 692 718 750 1048 1189 1341
1 236
3 237 1237 1445
6 238 813 875 979 1041 1296
5 239 764 1065 1222 1293
4 241 518 647 872
5 242 842 903 932 1350
3 243 878 1001
6 244 589 700 799 1108 1370
5 245 451 1056 1090 1226
1 246
5 248 462 542 581 778
4 249 614 706 1148
6 250 970 1070 1122 1241 1397
1 251
3 252 567 587
2 253 1027
9 254 596 636 815 956 975 1033 1054 1178
3 255 724 763
5 256 801 824 908 1311
3 257 784 1452
1 258
1 259
2 260 911
6 261 924 964 1170 1259 1422
6 262 1008 1103 1179 1383 1442
2 264 1234
1 265
7 266 495 715 826 862 916 1021
6 267 511 549 674 756 1438
7 268 435 456 857 930 933 1077
2 269 1448
2 270 1359
8 271 450 731 745 917 982 1061 1320
2 272 641
2 273 427
6 274 761 823 931 1044 1269
3 275 680 707
5 276 821 870 1017 1134
5 277 459 512 711 729
2 278 805
2 279 762
6 280 649 682 748 783 1373
9 281 658 728 802 865 968 1111 1249 1386
3 282 739 790
4 283 781 995 1361
5 284 484 609 856 1023
3 285 642 1067
4 286 601 676 759
3 287 1333 1404
4 288 925 1051 1084
1 289
3 290 486 1195
3 291 1128 1298
2 292 540
4 293 808 881 1273
10 294 591 871 954 999 1091 1152 1219 1235 1343
1 296
2 297 437
1 298
1 299
8 300 533 550 577 868 912 1004 1191
1 301
1 302
2 303 421
5 304 747 1123 1224 1407
3 305 1167 1278
2 306 830
1 307
1 308
3 309 971 1115
2 310 940
3 311 441 1443
2 312 1322
6 313 510 664 1102 1185 1424
1 314
3 315 448 465
1 316
1 317
7 318 475 487 849 1049 1153 1351
5 319 698 834 1155 1262
5 320 726 780 894 1211
1 321
4 322 855 946 1251
1 323
2 324 1423
4 326 474 491 1417
3 328 452 1282
1 329
3 330 505 831
5 331 1039 1160 1316 1411
3 332 468 1261
4 333 883 1076 1335
3 334 1129 1439
4 335 1075 1202 1367
3 336 1220 1299
3 337 1242 1358
3 338 755 1401
3 339 1130 1216
2 340 1254
1 341
7 342 628 945 985 1107 1169 1326
3 344 1154 1238
2 345 1349
2 346 1375
4 347 1062 1176 1419
3 348 520 873
1 349
3 350 787 901
1 351
3 352 661 679
2 353 602
3 354 521 906
5 355 639 651 991 1037
4 356 944 1364 1389
3 357 730 797
3 358 1240 1431
3 359 969 1113
1 360
4 361 874 1094 1308
1 362
4 363 1047 1252 1315
3 364 529 669
6 365 653 1032 1101 1138 1348
6 366 742 789 972 1372 1414
1 367
4 368 578 961 1020
6 369 595 633 640 693 828
2 370 913
1 371
2 372 430
2 373 1405
4 374 580 613 835
4 375 434 652 1230
4 376 515 705 1325
4 377 599 610 635
4 378 507 576 638
6 379 594 699 812 914 1015
6 380 544 554 571 1025 1114
3 381 517 712
4 382 597 1243 1331
1 383
3 384 848 1290
3 385 892 937
3 386 775 900
2 387 662
8 388 683 723 909 981 1072 1236 1360
2 389 1421
1 390
1 392
3 393 1218 1347
2 394 438
11 395 670 714 740 779 850 897 959 1106 1188 1352
3 396 564 1190
9 397 585 629 654 896 934 951 1016 1263
5 399 713 754 825 998
3 400 453 685
1 401
3 402 666 1024
5 403 569 987 1162 1288
3 404 1244 1330
6 405 800 864 949 1066 1093
2 407 1429
9 408 691 852 1045 1099 1132 1171 1346 1428
4 409 466 1232 1337
1 410
1 411
6 412 696 765 1059 1253 1304
2 413 1416
3 414 952 1174
8 415 526 1131 1225 1264 1276 1402 1446
2 416 1344
5 417 477 504 1068 1146
1 418
3 419 476 846
