8 0 487 493 501 2678 4141 4549 7278
9 1 867 1221 1241 1334 1395 1439 1445 7125
11 2 405 407 828 1589 1742 1836 1953 2010 2103 7622
15 3 410 1222 1232 1385 2610 2640 2729 2780 2985 3418 3537 3656 3918 4507
17 4 406 670 681 695 1572 1649 1739 3137 3208 3430 3559 3775 4257 4342 4701 7138
18 5 441 1719 1901 2017 2235 2314 2454 2664 2977 3293 3743 3990 4068 4184 4233 4369 4748
15 6 1764 1838 1959 2011 2076 2189 2706 2781 3322 3580 3694 4059 4235 5069
19 7 1214 1281 1908 1940 2054 2219 2396 2595 2675 2854 2995 3249 3500 3621 3934 4166 4395 4767
30 8 1109 1156 1244 1320 1380 1498 1563 1598 1664 1706 1853 1900 2027 2162 2294 2330 2449 2578 2736 3015 3152 3314 3403 3578 4066 4463 4659 4987 5854
10 9 687 696 3391 3509 3632 3760 3899 4202 4714
20 10 1662 1724 1968 2013 2047 2187 2295 2350 2362 2572 2655 2800 2982 3194 3244 3358 4260 4902 7129
20 11 1556 1593 1617 1640 1722 1808 1861 1887 2117 2239 2505 2796 3018 3265 3634 4161 4211 4352 4677
16 12 2519 2627 2695 2774 3097 3289 3341 3485 3602 3704 4054 4162 4378 4496 5630
5 13 358 531 4548 6728
18 14 816 823 1571 1621 1714 1818 1969 2059 2981 3344 3585 3786 4023 4391 4712 5118 7109
21 15 431 527 626 628 698 719 729 739 745 767 1247 1290 1309 1367 3772 3921 4019 4254 4740 4810
13 16 409 526 542 1390 1462 1503 3475 3740 3789 4146 4555 4974
15 17 958 1003 1066 1128 1228 1318 1559 3209 3225 3355 3458 3900 4321 5817
8 18 1678 3149 3329 3526 3610 3890 4702
19 19 1081 1165 1205 1230 1277 1660 1707 1711 1763 1834 1989 2030 2116 2334 2434 2718 2791 4418
10 20 2213 3359 3411 3514 3563 3808 4273 4949 5643
36 21 570 590 594 598 610 619 630 648 662 679 682 707 1196 1264 1285 1376 1416 1480 1537 1630 1771 1810 1844 1892 1979 2093 2198 2386 3441 3489 3784 3864 4236 4344 5189
19 22 512 725 1272 1287 1972 2094 2169 2337 2805 3022 3135 3239 3426 3456 3570 4001 4382 4861
9 23 371 3049 3305 3346 3576 3997 4375 8899
8 24 2766 3109 3287 3599 3908 4305 6919
19 25 1813 1870 1996 2125 2216 2272 2317 2450 2535 2667 2930 3060 3131 3315 3734 4286 4437 4829
6 26 393 444 900 4201 4630
18 27 370 979 992 1009 1050 1108 1729 1848 1910 1963 2085 2262 2338 4367 4839 5474 7822
4 28 1201 1289 5607
10 29 1398 1479 1698 1809 1993 4135 4508 5512 5922
20 30 754 1757 1858 1926 2040 2096 2297 2429 2448 2608 2713 2806 3033 3185 3258 3596 3862 4117 4718
13 31 2503 2642 2767 2927 3197 3472 3779 3841 3920 4129 4420 4900
14 32 712 1436 1567 1604 1745 1823 1854 1894 1992 2077 2166 2201 2423
4 33 470 4363 4513
20 34 394 642 654 658 1151 1219 1233 1276 1295 2775 3038 3528 3798 3858 4149 4364 4603 6594 8962
14 35 453 2415 2622 2714 2778 3125 3272 3343 3474 3777 4487 4870 5217
31 36 506 1407 1417 1426 1469 1504 1532 1554 1569 1616 1666 1712 1765 2164 2221 2471 2580 2641 3002 3062 3104 3144 3193 3324 3562 3788 4102 4522 4853 6092
6 37 1783 1864 4025 4422 5535
2 38 582
10 39 603 667 674 683 702 711 3960 4377 4537
16 40 401 1186 1227 2231 2324 2359 2491 2692 2749 2947 3154 3437 3839 4453 4897
11 41 2400 2848 3004 3325 3495 3765 4200 4270 4658 5420
13 42 365 464 1650 1689 1826 2031 3032 3382 3484 3720 4008 4596
11 43 468 525 548 561 3188 3831 4041 4167 5700 7541
14 44 2051 2089 2209 2329 2537 2715 2811 2950 3007 3354 3608 3959 4335
11 45 351 1652 1800 2087 2267 3652 3713 4128 4259 5678
20 46 1103 1170 1202 1383 1423 1482 1536 1595 1622 1644 1721 1769 1796 1845 1990 3917 4063 4153 4606
10 47 2737 2969 3140 3259 3516 3849 4164 4207 4766
8 48 743 764 3491 3529 3794 4333 5499
15 49 386 856 1918 1995 2029 2178 2347 2637 2727 2905 3178 3637 4172 4737
12 50 1548 1573 1636 1730 1751 1791 3826 4073 4269 4709 8437
18 51 546 579 1265 1293 1431 1518 1948 2129 2392 2511 2741 2933 2961 3073 3238 3328 3399
13 52 878 901 929 956 1004 1006 1022 2612 2758 2894 4795 8033
15 53 448 2633 2722 2852 3100 3170 3376 3448 3553 3823 3945 4179 4222 4530
15 54 593 601 605 615 633 830 870 3206 3397 3482 3758 3975 4112 7650
11 55 643 699 1511 1585 1653 3479 3733 3821 4089 5976
13 56 859 1915 1958 2067 2588 2822 2945 3224 3609 4475 4693 7357
15 57 760 768 797 1311 1655 2699 2794 2940 3205 3394 3717 3783 4203 5394
21 58 700 765 1348 1401 1419 1502 1519 1626 2002 2105 2455 2654 2787 2902 3290 3511 3886 3957 4043 4744
14 59 567 644 650 891 2516 2890 2988 3171 3770 3996 4104 4567 5923
26 60 413 549 1041 1329 1405 1451 1478 1584 1686 1831 1982 2080 2248 2265 2543 2593 2860 3050 3095 3103 3198 3242 3719 3963 4452
13 61 390 2621 2704 2815 3012 3055 3410 3675 3842 4262 4750 6060
31 62 446 457 479 488 1203 1236 1330 1411 1427 1542 1600 1701 1770 1847 1923 2081 2258 2341 2397 2411 2526 2708 2807 3113 3204 3378 4004 4380 5197 7060
1 63
13 64 847 1035 1083 1119 2174 2512 2804 3633 3943 4124 4428 7603
4 65 2451 5712 6554
7 66 796 2582 3859 4051 4177 4521
19 67 608 985 1012 1033 1058 1169 1278 1319 1364 1406 1528 1570 1607 3069 3348 3829 4241 5387
24 68 385 460 476 485 1895 1976 2073 2205 2308 2373 2424 2513 2563 2770 2920 2996 3106 3377 3654 3809 3947 4090 4617
23 69 400 534 536 905 948 1811 1842 1925 2044 2066 2139 2238 2374 2520 2896 2937 3074 3347 3869 4327 4601 4960
6 70 580 697 4390 4562 7098
8 71 649 851 889 1967 2611 4298 6117
14 72 1015 2619 2645 2666 2908 2990 3056 3223 3541 3865 4300 5789 6129
29 73 432 434 443 454 1092 1102 1200 1252 1299 1322 1355 1379 1420 1470 1828 1920 2041 2762 2831 3009 3092 3263 3792 4071 4165 4256 4784 7191
12 74 508 1014 1031 1522 3361 3592 3874 4169 4526 4983 7157
2 75 8848
8 76 611 793 835 849 4294 4570 5431
14 77 2190 2488 2525 2731 2892 2949 3163 3278 3372 3483 3687 3952 4779
13 78 357 414 877 907 936 3177 3384 3648 3912 4007 4130 5493
17 79 2111 2160 2322 2402 2524 2816 2898 3201 3435 3550 3778 3936 4093 4296 4545 7519
9 80 486 2075 3133 3276 3515 3738 4061 4804
5 81 447 4113 4412 8965
16 82 415 2230 2342 2408 2492 2682 2707 2818 2954 3176 3422 3685 4136 4607 6878
14 83 572 575 2529 2566 2626 2847 2959 3090 3639 4157 4295 4488 9174
16 84 591 1016 1053 1069 1073 1174 1275 1356 1384 1428 2383 2523 2659 4278 4692
11 86 789 799 834 862 912 952 983 1778 4118 5847
10 87 518 3558 3847 3882 4290 4491 5790 7233 7581
18 88 1777 1883 2006 2130 2224 2281 2354 2421 2658 2772 2891 3042 3373 3679 4011 4212 4629
19 89 383 500 984 1010 2750 2834 2915 2976 3035 3145 3284 3626 3967 4160 4250 4484 4869 5489
9 90 368 2838 2946 3196 3533 3668 4174 6454
13 91 459 1601 2590 2652 2798 2872 3142 3597 3982 4455 7074 7798
19 92 645 832 868 881 888 895 911 927 953 3053 3280 3374 3401 3498 3761 3939 4727 6764
20 93 471 885 1340 1394 1449 1975 2298 2379 2522 2594 3396 3480 3618 3753 3803 3888 4027 4402 5068
14 94 366 1313 3173 3214 3313 3409 3549 3846 3985 4183 4466 4742 5520
17 95 774 1049 1105 2677 2739 2777 2910 3087 3134 3274 3622 3824 4057 4645 5480 7324
22 96 817 833 866 909 971 989 1018 1443 1608 1718 1924 2026 2121 2240 2302 2380 3064 3381 3539 3870 4671
10 97 1125 1140 1180 1256 1283 1350 3565 3815 4360
3 98 4276 5778
22 99 751 756 861 890 1259 1303 1389 1440 1477 1587 1642 1687 1713 1812 1937 2291 2953 3545 4033 4389 4765
7 100 961 977 3814 4213 4565 6084
19 101 839 865 898 1545 1565 1656 1749 1885 1912 2064 2177 2249 3431 3650 3658 3907 4244 5105
13 102 363 541 553 556 2761 2903 2942 3005 3094 3191 3436 6542
11 103 2711 2790 2833 2978 3139 3360 3476 3619 3708 7031
10 104 1144 1184 3036 3243 3604 3922 4204 4667 5721
6 105 1954 3714 3764 4181 4641
28 106 507 876 1582 1641 1744 1819 1841 1890 1899 1988 2050 2091 2181 2321 2370 2444 2873 2922 2992 3339 3369 3620 3655 4078 4388 4858 5921
9 107 492 801 966 3438 3531 4058 4427 6472
15 108 392 555 577 589 599 968 993 1027 3039 3147 3398 3577 3981 4696
7 109 652 2155 3937 4186 4359 9798
14 110 540 544 551 563 568 693 738 750 772 1017 1651 4210 4719
25 111 543 1457 1471 1515 1609 1716 1799 1929 1939 2301 2358 2463 2531 2576 2592 2691 2849 2928 3029 3105 3336 3464 3897 5926
12 112 838 857 1741 1795 1869 1928 3270 3471 3684 4310 4840
15 113 1732 1782 1805 1867 1897 1956 2009 2078 2259 2406 4370 4747 5220 6094
10 114 1530 1603 1659 1755 1802 1868 4187 4665 7117
13 115 639 748 1193 1255 2917 3071 3904 3984 4083 4205 4216 4460
18 116 631 1002 1030 1059 1076 1095 1138 1171 1267 1335 1369 2730 2837 3159 3628 3933 4325
12 117 497 2312 2453 2617 2819 2955 3349 3421 3773 4170 4971
25 118 1306 1371 1381 1418 1455 1483 1517 1610 1693 1804 1896 1961 2049 2168 2214 2345 2656 2835 3117 3288 3519 3731 4040 4523
5 119 3481 3822 4096 4413
8 120 3008 3229 3389 3645 4026 4576 5501
16 121 2038 2278 2422 2517 2607 2735 2845 2926 3070 3228 3571 3867 3970 4520 5213
15 122 1131 1162 1332 1392 1467 1514 1632 1684 1767 1863 1911 4454 4824 8074
15 123 612 622 1333 2109 2123 2830 2907 2989 3200 3412 3873 4232 4498 7561
4 124 4550 4844 5001
3 125 694 6124
4 126 3827 4000 4299
7 127 2352 2377 2494 4349 4619 8020
29 128 382 701 746 759 957 970 1029 1070 1104 1134 1217 1314 1393 2236 2459 2583 2877 3016 3165 3326 3649 4138 4314 4368 4563 4725 5128 6081
19 129 1248 1296 1338 1357 1525 1680 1859 2118 2182 2270 2410 2552 2663 2936 3701 4168 4346 6003
8 130 402 463 1032 1098 1130 1177 4334
8 131 815 825 3424 3830 4103 4180 7066
8 132 451 2924 3118 3395 3523 3716 3911
16 133 673 692 1874 2012 2167 2282 2452 2685 2878 3057 3400 3661 3820 4159 4544
5 134 477 498 504 519
27 135 550 576 586 596 606 614 1523 1657 1663 1685 1756 1817 1970 2035 2173 2211 2356 2416 2456 3273 3449 3722 3883 3910 4022 4431
20 136 1226 1257 1304 1316 2245 2527 2616 2869 2944 3027 3075 3226 3390 3506 3746 3844 4251 4445 5675
14 137 1422 1466 1475 1524 1597 1671 1775 1846 1904 2016 3750 4561 5785
19 138 364 1307 1378 1919 2122 2313 2501 2689 2813 3088 3168 3230 3492 3601 3797 4152 4429 7241
15 139 1344 1415 1463 1501 1540 2935 3072 3210 3446 3747 4006 4263 4588 5853
9 140 616 2250 2405 2540 2801 3221 3363 3595
10 141 505 850 869 3501 3598 3833 3941 4171 4598
17 142 1403 1481 1526 1574 1670 1694 1798 2307 2417 2697 3120 3368 3586 3924 4323 4755
28 143 684 706 723 1362 1386 1433 1520 1613 1747 1857 1977 2079 2136 2246 2353 2562 2649 2817 3000 3312 3522 3677 3930 4143 4356 4559 6100
12 144 395 403 638 2279 2355 2671 2956 3718 3925 4055 4384
8 145 2882 3388 3520 3552 3709 4030 4903
22 146 1432 1534 1628 1736 1880 2024 2083 2106 2255 2469 2703 2867 3031 3150 3429 3640 3987 4046 4131 4710 6013
10 147 445 452 565 585 728 1268 3851 4188 4494
16 148 1063 1115 2283 2331 2391 2684 2776 2803 2919 2987 3068 3337 3404 3940 4190
12 149 1784 1947 2033 2099 3466 3710 3895 4238 4647 5751 7328
17 150 484 499 509 2108 2234 2368 2558 2591 2712 3030 3264 3568 3616 3696 4284 6799
13 151 1339 1410 1464 2651 2808 2883 3184 3405 3681 4100 4240 5224
6 152 362 3732 4010 4533 6028
30 153 744 906 935 1133 1218 1269 1300 1353 1365 1435 1513 1658 1774 1862 1902 1952 2057 2196 2365 2586 2733 2828 2941 3089 3547 3791 4182 4357 4616
11 154 1143 1245 1288 2686 2763 2836 2901 3572 4308 5141
18 155 1258 1317 1409 1452 1486 2428 2548 2625 2864 3054 3129 3340 3588 3828 4224 4578 4850
12 156 352 367 770 1421 1450 1529 1627 4468 5192 5418 5682
12 157 733 806 2309 2403 2510 2724 2810 3638 3819 4374 5820
8 158 426 2296 3659 3697 3949 4225 7205
12 159 374 1715 1738 3589 3735 3811 4084 4464 5681 7448 8920
8 160 1372 1494 1543 2137 2349 3107 4189
18 161 574 2546 2615 2721 2756 2888 2967 3266 3365 3419 3623 3666 3780 3953 4552 5077 9159
4 162 1302 1363 4569
13 163 438 1043 1071 2660 2821 2856 3028 3110 3307 3587 3748 4558
14 164 472 535 1036 1055 1106 3291 3488 3567 3646 4108 4248 4868 5228
14 165 1141 1220 1305 2072 2171 2220 2252 2467 3066 3285 3727 3966 4243
8 166 2628 2744 2789 2855 2925 3082 7274
8 167 439 2515 2561 3487 3835 4122 4600
28 168 557 720 736 742 1044 1118 1157 1172 1208 1326 1408 1472 1487 1533 3112 3250 3306 3502 3583 3693 3840 3978 4283 4524 5140 6001 6581
7 169 788 3041 3116 4669 5136 6088
25 170 404 412 659 668 1273 1284 1324 1373 1430 1474 2128 2268 2725 2782 2913 3040 3161 3247 3331 3415 3699 3861 3991 4405
29 171 429 440 925 938 959 1240 1291 1310 1374 1723 1814 1856 1879 2019 2082 2148 2360 2477 2648 2899 3123 3467 3556 3726 3741 4279 4546 5780
10 172 2462 2500 2674 2757 2952 3875 4082 4195 4884
14 173 466 491 2859 2900 3014 3111 3211 3442 3542 3590 4085 4313 9775
33 174 483 1034 1120 1153 1370 1442 1497 1583 1677 1748 1806 1922 2045 2150 2185 2237 2253 2483 2575 2688 2759 2897 3024 3237 3420 3617 3894 3946 4140 4218 4348 5227
21 175 356 523 529 623 766 786 1251 1271 1354 1437 1541 1561 1599 1646 1692 1735 1889 1984 2021 2254
17 176 1126 1262 1328 1588 1643 1760 1827 1933 1962 2100 2197 2244 2273 3048 4050 4480
15 177 502 516 2482 2606 2683 2875 2972 3186 3298 3555 3885 4106 4247 4478
12 178 709 721 737 1849 1999 2097 2124 2215 3375 4137 6524
16 179 1072 1352 1465 1546 1673 1697 3067 3248 3434 3544 3857 3969 4024 4109 4469
9 180 915 943 986 1007 1060 1100 1154 5676
13 181 2225 2303 2404 2498 2784 2911 3058 3108 3477 3744 4018 6030
17 182 376 691 714 1792 1855 1914 2025 2269 2581 2829 3130 3406 3676 3848 4081 4396
25 183 826 1620 1703 1710 1779 1821 1965 2039 2222 2351 2369 2437 2696 2960 3181 3452 3566 3631 3769 3955 4072 4209 4457 4613
21 184 475 732 1754 1843 1941 1978 2102 2241 2390 2457 2596 2710 2865 3013 3183 3385 3636 3942 4125 6120
22 185 469 1400 1460 1560 1668 1829 1893 1907 1944 2053 2104 2158 2412 2481 3077 3127 3428 3695 4123 4351 4758
9 186 1576 1943 2372 2472 2502 2850 3143 4975
10 187 354 918 931 962 988 1298 4064 5803 6111
22 188 388 813 848 858 871 892 1985 2014 2175 2188 2226 2371 2997 3101 3283 3724 3914 3956 4013 4933 7264
12 189 666 669 775 827 1234 1282 1345 3440 3504 4355 4650
8 190 503 3762 3880 3977 4324 4467 4951
12 191 389 396 2549 2773 2889 3037 3153 3799 4076 5232 7149
16 192 2325 2407 2629 2746 2970 3079 3236 3379 3729 3832 3884 4127 4267 4705 6585
15 193 829 1056 1074 1116 1147 1189 1191 1270 2916 3179 3662 3796 4042 4476
13 194 521 587 2569 2644 2904 3085 3268 3393 3575 3813 4115 5587
8 195 1727 3059 3644 4002 4265 4461 4708
11 196 2286 2439 2636 2826 3156 3425 3490 3573 3896 4486
15 197 1790 1824 1872 1930 2143 3043 3195 3427 3584 3759 3989 4307 4847 9145
16 198 677 2495 2604 2760 2851 2881 3061 3158 3321 3468 3812 4069 4148 4411 6643
16 199 581 2112 2206 2376 2430 2499 2560 2679 2863 3124 3252 3627 4053 5076 5858
5 200 511 4031 4459 6902
15 201 1164 1263 2487 2868 2993 3115 3444 3715 3872 3968 4034 4341 4733 6456
5 202 4215 4271 4471 7521
10 203 571 583 874 884 922 949 973 4704 5173
19 204 530 539 705 976 1021 1068 1077 1207 1253 1294 1360 1476 1535 1596 4473 4646 5144 5771
7 205 2673 2719 3836 4028 4191 4399
20 206 1382 1453 1531 1614 1708 1726 1837 1913 2003 2186 2276 2493 3279 3540 3736 3860 4317 4661 6605
13 207 360 559 726 762 879 924 947 1023 1099 4206 5522 8883
19 208 433 1229 1312 1412 1441 1491 1539 1566 1691 1850 1955 2151 2323 2559 2623 3825 3948 5138
18 209 482 494 821 1555 1625 1672 2938 3164 3423 3643 3881 4037 4144 4220 4338 4687 9894
9 210 734 758 805 831 852 2565 4198 4609
16 211 860 2316 2427 2496 2600 2866 2983 3084 3233 3383 3505 3871 4038 4331 5504
5 212 4114 4666 5426 9866
18 213 740 776 1086 1549 1688 1750 1815 1945 2147 2212 2446 2584 2634 3983 4227 4586 7523
7 214 781 814 1793 4101 4414 5801
13 215 421 427 2336 2393 2445 2564 2814 3296 3443 3579 4237 4482
10 216 458 1254 2007 3806 4048 4358 4465 4978 5236
14 217 1509 2184 2357 2601 2635 2779 2871 3157 3663 4015 4196 4726 7119
7 218 2004 2134 3785 4155 4394 6508
22 219 528 545 604 761 1047 1097 1161 1198 1216 1243 1337 1743 1980 2101 2154 2204 2315 2599 2701 2994 4502
21 220 456 465 538 902 917 954 972 998 1013 1038 1062 1122 1136 3362 3524 3534 4105 4410 4807 6069
9 221 435 478 903 950 3199 3345 3551 4012
8 222 854 882 2530 3462 3698 3782 5811
15 223 627 635 794 818 1876 1983 1997 2052 2157 3834 4134 4226 4878 5401
4 224 3776 3887 4275
8 225 655 3670 4044 4156 4266 4407 5125
20 226 914 978 1888 1987 2056 2065 2228 2333 2473 2508 2672 2870 2991 3096 3207 3342 3517 4495 4689
22 227 379 807 1039 1085 1166 1249 1341 1454 2028 2163 2232 2385 2550 2705 3010 3202 3261 3548 4067 4729 5225
10 228 637 2799 2879 3625 3703 3950 3995 4261 4996
18 229 418 803 842 923 965 996 1054 1082 1093 1137 1195 1211 3300 3725 3962 4163 4722
5 230 537 4199 4580 5917
14 231 708 1391 1458 1490 1575 1788 2063 2156 2217 3974 4077 4519 5978
11 232 442 1884 1916 3044 3353 3660 3845 3850 4312 5509
3 233 4406 4656
18 234 771 783 1538 1746 1761 1866 2042 2144 2193 2264 2394 2409 2475 2555 2661 3868 4217
6 235 1938 2133 2149 4319 4856
22 236 450 462 474 481 913 1090 1139 1176 1192 1239 1279 2023 2034 2227 2306 2742 3292 3459 3804 4016 4599
26 237 653 663 671 688 716 894 1865 1905 2095 2115 2218 2327 2381 2435 2489 2536 2556 3231 3295 3433 3665 3787 4728 6574 7753
20 238 430 661 1704 1832 1998 2046 2141 2271 2361 2598 2795 3063 3166 3257 3387 3581 4035 4450 9876
6 239 651 1935 2005 2084 5142
9 240 2432 2509 2668 3745 4158 4336 4649 5646
25 241 944 1142 1225 1231 1308 1387 1424 1496 1512 1580 1882 1927 1994 2132 2274 2363 2573 2653 2827 3099 3591 3993 4193 4551
4 242 1396 2192 2436
13 243 520 1404 2233 2425 2605 2745 2861 3045 3546 3898 4366 5942
15 244 1019 1505 1682 1950 1974 2070 2110 2275 2474 2620 3350 3525 4017 4620
9 245 773 795 800 824 3318 3574 3853 4353
12 246 1080 1114 1173 1237 1822 2032 2161 2292 2490 2681 4642
17 247 967 1040 1064 1101 1135 1204 1292 1399 3416 3518 3692 3961 4119 4379 4485 5488
15 248 963 1507 1581 1594 2000 2090 2152 2200 2387 2528 3992 4293 4432 5082
12 249 657 1089 1107 1347 1801 2909 3141 3302 3532 3688 4442
14 250 480 2319 2398 2438 2579 2662 2841 3299 3503 3927 4098 4373 4462
4 251 2179 2288 7768
18 252 510 636 660 676 715 749 2277 2433 2485 2574 2687 3006 3909 4088 4568 4715 5639
14 253 2335 2514 2665 2858 2939 3011 3174 3308 3408 3689 4021 4219 5207
18 254 785 787 1951 2068 2256 2290 2486 2589 2769 2846 2951 3155 3653 3707 3800 4268 4964
23 255 883 942 1631 1683 1702 1906 1971 2140 2285 2339 2460 2554 2768 2966 3216 3338 3402 3603 3877 4274 6217 9810
16 256 384 602 613 886 899 932 1619 1696 1807 1960 2138 2183 2343 2497 4887
15 257 564 624 2709 2823 2943 2986 3251 3357 3582 3854 4045 4288 4439 7025
18 258 618 840 940 2318 2419 2551 2647 2755 3001 3192 3222 3282 3497 3817 4419 7128 9119
14 259 665 678 685 689 735 1638 3167 3269 3447 3702 3915 4126 7505
12 260 1127 1181 1991 3175 3352 3624 3878 3965 4316 4700 5777
14 261 532 573 2440 2468 2547 2716 2968 3281 3439 3651 4080 4318 7090
14 262 2135 2399 2545 2752 2975 3026 3235 3450 3669 4020 4330 4793 5528
16 263 853 1159 1238 1274 1336 1359 1448 1484 3311 3564 3641 3879 3971 4688 5405
23 264 778 780 804 820 841 844 875 1045 1057 1091 1132 1148 1167 1213 1266 2092 2142 2203 2300 2602 2786 3227
6 265 3757 3866 4142 4655 7136
9 266 514 836 3356 3667 3905 4997 5490 7296
16 267 1489 1590 1618 1676 1759 1840 1878 2015 2170 2382 2466 2630 4062 4302 5239
10 268 1020 1075 1096 1123 1149 1235 3737 4003 4421
14 269 1425 1499 1553 1568 1606 1690 3790 3843 3976 4289 4386 4791 7320
7 270 763 1061 1773 3837 4178 4680
20 271 387 640 1871 1949 2037 2126 2199 2340 2414 2553 2743 2802 3119 3262 3561 3793 4132 4500 4651
22 272 1124 1158 1215 1377 1510 1674 1734 1833 1898 2008 2597 2720 2747 2971 3213 3332 3486 3891 4387 4472 5597
20 273 408 436 455 1886 1934 2069 2287 2364 2521 2557 2643 2751 3003 3148 3267 3470 3856 4347 5916
25 274 782 790 808 1661 1752 1903 2001 2058 2098 2251 2366 2754 2921 3051 3246 3751 3816 4014 4047 4456 4802 5071 5494 7391
9 275 372 1629 2458 2587 3818 4573 4818 6226
33 276 397 425 515 524 974 994 999 1037 1052 1067 1117 1163 1210 1286 1343 1388 1456 1527 1675 1725 1772 1803 1891 2965 3138 3317 3380 3683 3932 4150 4582 7254
5 277 3935 4230 4893 9863
7 278 755 933 939 960 4806 7754
12 279 1110 1473 3091 3146 3333 3496 3807 3810 4400 5851 6760
13 280 369 792 809 1780 1839 1851 3371 3454 3535 4197 4501 9078
15 281 381 855 873 887 920 951 2885 2895 3180 3642 4139 4332 4436 8560
6 282 3364 3739 4005 4337 5767
6 283 3635 3742 4107 4698 9087
18 284 1444 1495 1521 1547 1577 1645 1785 1830 1942 2088 2389 2585 3457 3612 3774 4086 4311
7 285 980 991 1001 3508 4091 4679
10 286 373 562 1150 3076 3126 3463 3988 4627 6632
8 287 3034 3169 3215 3255 3513 3906 5417
14 288 398 916 981 1008 1175 1209 2071 2260 2375 2504 4099 4631 7029
17 289 428 664 717 2048 2145 2172 2293 2484 2609 2842 3132 3392 3499 3615 4185 4947
10 290 533 731 2229 2266 2280 2740 3021 4214 7144
4 291 411 4872 6027
11 292 621 2194 2311 2532 3190 3319 3536 3721 3964 4297
13 293 1447 1654 1681 1731 1797 1877 1921 4303 4585 4973 5782 7303
3 294 419 4381
22 295 361 784 798 812 919 928 975 1011 1065 1188 1260 1331 1468 1488 1562 1665 3712 3926 4120 4252 5132
14 296 1493 1615 2764 2840 2999 3162 3275 3366 3530 3892 4326 4653 5725
11 297 846 863 910 946 3469 3752 4092 4306 4443 7018
22 298 1557 1602 1709 1720 1762 2176 2208 2332 2479 2726 2887 3020 3189 3351 3600 3630 3913 3994 4409 4528 7335
14 299 864 1087 1146 1187 1261 1351 1461 1500 1591 1637 4385 4895 6579
25 300 597 607 1552 1605 1695 1728 1881 2304 2346 2378 2443 2571 2646 2723 2912 3047 3114 3217 3413 3756 3999 4147 4416 5006
29 301 595 893 930 941 997 1028 1048 1094 1155 1349 1375 1794 1932 1957 2036 2180 2310 2418 2657 2793 2843 2886 3187 3309 3510 3852 4036 4339
21 302 897 1438 1492 1592 1624 1860 1986 2062 2131 2289 2384 2539 2614 2732 2753 2853 3080 3889 4060 4249
20 303 896 934 955 990 2534 2631 2824 2876 2918 2957 3407 3521 3614 3781 4009 4477 4880 6584 9822
16 304 423 1366 1459 1506 1544 1634 2442 2639 2809 3473 3700 3986 4079 4408 4854
9 305 747 757 1346 1397 3838 4277 4392 7189
27 306 359 620 632 1740 1781 1852 1931 1981 2120 2261 2299 2476 2694 2788 2906 3019 3102 3220 3316 3327 3647 3723 3902 4065 5122 7344
21 307 1024 1042 1078 1224 1250 1402 1558 1612 1737 1786 1917 2223 2348 2420 2431 3277 3512 4194 4769 4950
30 308 473 490 982 995 1025 1051 1111 1178 1301 1358 1414 1434 1485 1578 1705 2461 2570 2638 2812 2973 3121 3254 3310 3494 3711 4111 4280 4843 7421
28 309 422 437 513 522 703 710 724 727 1179 1206 1242 1321 1368 1429 1516 1611 1700 1717 1758 1825 1966 2074 2202 2367 4272 4959 7711
14 310 609 641 2263 2464 2567 2700 3046 3271 3301 3386 4234 4433 4851
23 311 489 495 1088 1121 1183 1564 1639 1789 1835 1936 2018 2210 2568 2613 2680 2820 3017 3234 3705 4285 6875 9986
21 312 1633 1733 1787 1973 2020 2113 2146 2243 2413 2632 2979 3182 3260 3414 3611 3763 3954 4175 4292 4901
12 313 552 560 588 921 1323 3078 3128 3461 3863 3919 4223
13 314 375 417 424 987 1046 1129 1508 4228 4315 4534 4906 8066
16 315 1342 1446 2577 2738 2862 2929 3136 3453 3664 3938 3998 4362 4451 4907 5428
8 316 1551 3538 3730 3979 4291 4571 5072
13 317 1413 1550 2832 2948 3212 3445 3569 3766 3951 4110 4354 5970
19 318 777 779 791 811 822 837 843 2344 2533 2670 3023 3304 3606 3673 3929 4239 4509 5011
19 319 461 872 908 926 945 1194 1223 1327 3083 3098 3203 3320 3370 3593 3801 4116 4504 7722
13 320 467 2669 2734 2874 3218 3507 3680 3802 3944 4097 4403 9858
8 321 2839 3122 3240 3294 3613 3893 4281
10 322 625 629 634 1964 2127 2326 2480 4435 8918
15 323 547 2247 2465 2538 2676 2748 2880 2974 3256 3465 3690 4056 4415 5779
16 324 880 1586 1667 1699 1820 2542 2857 2964 3245 3334 3557 3795 4328 4503 4808
12 325 904 937 2771 2893 3330 3554 3768 4049 4320 5193 5593
9 326 1000 1026 1152 1182 1212 3805 4154 4383
8 327 355 964 1005 1635 4372 4857 7231
6 328 377 380 496 4231 4371
23 329 1197 1297 1579 1679 1768 1816 1873 2061 2086 2159 2257 2328 2478 2650 2825 2931 3286 3303 3749 4301 4605 5614
12 330 378 2541 2603 2717 2914 3052 3172 3367 3674 3855 4255
3 331 646 969
13 332 566 2060 2114 2207 2544 2702 3219 3323 3543 3678 4173 7990
20 333 353 584 600 656 680 690 730 2242 2305 2426 2698 2797 2884 3025 3253 3432 3607 3958 4176
12 334 617 2470 2624 2785 2932 3160 3671 3923 4309 4685 5229
8 335 845 3527 3629 3916 4246 5188 7212
14 336 391 554 558 569 578 2934 3151 3297 3451 3682 3980 4796 7272
7 337 718 741 752 1623 1648 6752
19 338 416 420 517 2153 2195 2284 2401 2618 2792 2923 3093 3241 3493 3876 4282 4492 4999 5946
17 339 675 686 704 713 753 769 2693 2765 2958 3065 3417 3560 3672 3931 4074 4849
6 340 2984 3478 3657 3973 4990
6 341 3686 3771 3901 4245 6726
22 342 1084 1160 1168 1190 1246 1280 1325 1361 2395 2447 2506 2728 2844 2962 3081 3455 3594 3754 4039 4329 7432
7 343 449 802 810 819 4417 5702
8 344 2022 2043 2119 2783 4052 4587 5749
19 345 672 1112 1647 1776 1909 2055 2165 2191 2320 2441 2690 2963 3086 3460 3755 4121 4826 5719
8 346 1315 3691 3903 4192 4618 4743 4993
7 347 1113 1145 1185 4151 4512 7332
7 348 1079 2998 3335 3728 4304 5154
8 349 1669 1753 1946 3706 4070 4991 6535
7 350 399 1875 3605 3972 4322 4801
