12 1900 9869 1475 76 5356 9778 2846 6407 252 4584 256 2104
9 7005 3830 6903 9402 6967 8667 9249 1999 578
9 837 5751 523 5473 3729 2119 8926 4874 7254
7 48 5025 422 550 2320 2176 3652
13 2009 854 2426 4223 1752 2885 2151 6983 5958 6068 3328 4033 8046
12 3156 3564 892 4630 156 7792 9180 8617 7682 2745 6737 2990
12 303 4346 3170 3795 2992 1002 7614 282 4690 6009 8161 43
13 4839 6361 6160 1363 8566 1912 8864 3710 457 2190 3210 800 4460
12 4094 311 986 7687 193 7594 7769 639 4493 5032 5534 5908
11 5497 3692 3112 4031 8420 3510 5689 5366 732 10 5574
13 1335 1090 4115 4247 1710 9641 8266 1733 7286 8410 8029 1911 1899
11 445 4706 6402 9737 4300 9790 965 8938 1233 7616 6006
12 3580 6307 4724 3666 8768 2383 9566 1913 1828 5611 2732 8087
12 8703 376 902 3623 5201 864 2395 7321 1045 6415 6389 9844
13 1138 6851 726 2006 1414 1102 8261 6503 3338 3910 4852 4835 7907
13 4059 3208 284 6133 374 6360 2790 7912 812 8160 2246 9547 484
12 5137 2941 9654 462 3425 4128 1902 1532 6756 2279 3873 8432
14 1992 3245 8728 5516 9255 8176 9065 9171 1523 6927 2281 4204 3263 4430
12 4377 6004 1100 2661 128 9192 8827 916 1513 3593 7101 3164
10 2949 6338 3133 3826 9657 8951 5679 2323 1316 6359
10 606 1269 8671 7457 6491 5662 8767 499 8127 2052
11 3444 7572 8653 147 2467 4953 428 2653 2122 1409 2636
12 7318 2881 3622 3475 292 9722 9288 8440 5323 7735 5372 1107
12 7429 9411 7759 649 4986 9054 1392 970 7501 6940 8562 7821
12 8292 6003 3414 1222 599 4285 1110 9988 6772 1709 6319 8692
12 7936 1794 4873 6305 6248 9838 4821 5008 8659 512 1717 5343
11 4435 2357 8191 506 4062 1587 8628 6908 8889 3808 793
11 8630 1625 3655 7569 6670 1330 4636 933 6272 8672 7466
9 9084 2651 2706 9303 3991 4154 2412 6446 9028
12 8518 9559 921 2399 2079 4003 1963 3476 1255 3924 1711 8844
12 5018 2316 7186 4914 8631 4353 8953 4663 545 1842 9701 2863
13 9888 8085 9761 3394 7712 5710 4045 1791 8991 7627 6648 2160 7332
12 6807 5406 6575 6689 4260 6455 3104 5523 8590 636 518 7653
11 9913 6024 3530 4583 6138 2115 8610 2613 1471 6719 2303
9 9256 211 6198 7080 2332 1914 202 3776 9945
10 5299 6048 6985 8816 949 6730 3292 4802 8419 4440
11 1815 9202 2107 3403 3989 2230 4232 2831 5411 8018 3864
12 9675 4153 8328 3311 7561 663 8988 6366 90 397 524 9320
13 7952 8588 8737 4863 5082 2799 5291 1078 8283 9130 6758 3446 1448
12 2576 7956 4511 4704 1272 9537 6864 7636 7446 7610 8576 7578
11 2296 7690 245 8290 1942 1106 3454 1840 4595 3750 215
14 1209 563 6485 6430 9011 8996 3974 7043 3233 5375 8821 4452 2093 2741
11 1664 7442 6409 3773 6566 4699 85 596 2645 3498 3757
11 3457 9207 3176 5218 6058 1250 2751 5593 1747 6149 5952
11 1993 3958 4537 8876 5001 8150 6420 4561 4992 3532 5133
9 190 6023 713 5433 908 4686 7543 2360 2948
11 8271 1349 739 5907 5879 6474 4248 2497 7392 1629 3714
11 6783 2060 6677 5743 4965 5829 9112 9930 27 6856 1853
11 6135 8338 9819 4677 2415 881 6713 8960 4549 5382 177
11 9020 187 8102 6399 5491 724 5514 5704 7508 9706 2804
10 268 6039 9037 1220 4002 1047 9424 9469 267 969
11 7293 3047 8713 7941 7301 6574 7724 5541 7619 537 9403
9 5113 9610 9992 1584 9321 6268 7962 6471 4775
12 6115 7373 4544 1113 7490 2969 5394 997 863 2362 9602 7966
12 1528 2026 8155 9165 9729 3466 2241 7440 4323 4635 2142 3182
10 5192 9549 8412 6538 2900 1700 405 8796 1143 1776
15 920 1170 1773 4815 9511 8882 4781 9815 8277 4944 365 4714 9652 4870 6353
10 2920 7768 9345 9286 8207 1534 4566 658 4857 2173
10 84 8112 8187 7882 3740 5748 6605 6882 8437 536
10 1492 8118 3721 780 5875 5941 6326 9185 5005 3437
12 4379 5598 8642 7224 7415 8693 1340 2505 786 6863 9268 2242
8 7640 6252 3790 9823 6898 867 2632 7914
12 677 1054 7709 5304 4167 2382 2477 2665 9510 2299 6593 7006
14 7399 3817 3068 6924 2020 9702 8766 3065 5243 7394 8148 991 5042 4478
10 2432 2838 6076 3615 7266 199 2916 2662 6245 2209
12 7270 7253 6316 141 4495 1592 6699 5915 9012 1365 1941 9338
12 5445 1866 856 7323 6168 4594 8407 5658 8314 7737 8916 4748
12 3743 4536 3632 8747 7234 4843 618 9213 6398 278 871 7259
13 9698 166 7129 9503 7693 893 9897 6920 1424 370 4345 8883 7848
12 3527 9680 8698 7787 1580 2972 5698 7236 1647 9929 2694 7680
11 1305 6607 1613 5799 3606 4782 5184 9939 1235 608 586
10 7320 5060 2695 8521 5998 7010 3583 624 1668 7194
12 1978 502 7864 5069 9045 876 2568 5626 6674 2552 8976 8366
11 6654 4421 3105 9505 4652 3462 2515 6563 3961 883 7926
15 3988 2559 7612 9087 9291 3732 9526 494 2250 6000 6858 1746 9183 3360 6036
13 8329 6502 1845 6663 6752 2802 5971 572 6803 7562 9718 2023 754
11 769 3976 9140 4328 671 5860 4854 5583 4930 699 305
14 2106 5970 1406 1407 7380 2304 4937 8993 8101 979 9441 1715 9077 7817
9 6456 6971 9030 6799 9297 9167 5792 9039 2740
12 6901 4948 2313 5686 3249 779 2335 2375 1105 1449 7108 806
10 1438 511 2108 8915 4825 1871 9837 9816 2765 7868
10 7070 3051 6031 987 4058 9774 5565 318 4816 8732
9 3253 5887 1215 4836 5308 6161 7933 7516 4851
11 700 41 7816 7874 6961 9292 9651 7205 3114 7403 7531
11 3607 8104 1550 1040 9265 8444 2829 6659 5238 6414 3751
13 9393 8489 8458 419 2605 9473 6579 7931 3708 3657 2351 808 8749
11 1178 1874 5535 3334 7287 7513 8798 2924 7750 7879 670
11 945 753 1910 9273 4196 951 9070 3939 3992 7778 1188
10 3471 7692 5901 7811 1796 4297 4085 4276 9327 2850
13 4885 6329 3167 9156 7372 3925 2731 7143 433 8361 357 7021 4316
9 1315 8675 9806 4207 5359 8774 2718 2837 6284
10 8149 4090 7263 5782 4008 1201 1431 3704 155 5739
12 1543 568 8086 1079 9109 4555 3799 7629 5692 7528 9233 1270
12 5424 5719 4376 846 9433 2791 6597 4834 7867 4587 7534 8034
11 7475 3739 2673 501 4940 6821 3261 399 3747 7949 1790
11 6694 8055 9466 168 1176 3424 9611 4384 8745 6669 4560
10 1066 169 9743 8194 674 8426 2128 1561 824 1237
12 4309 3758 7092 5783 7366 5764 4667 4645 1870 4804 3967 7746
12 4214 3605 3542 9617 9576 475 1455 1804 8748 4219 657 1370
11 3572 9134 9731 1693 9923 9980 826 6205 9018 3908 2646
9 6110 7346 6279 2074 6708 2634 8450 4326 4651
11 9216 3398 661 8869 6879 3952 8009 3842 4217 8081 8258
9 6780 5189 3030 9144 4205 2216 2424 5214 8071
10 9544 5295 3779 7984 39 1294 6923 4369 7285 5824
6 6794 2742 1311 7468 4359 2971
11 9523 4028 2464 1723 1251 9968 1355 4366 5622 4539 676
12 3236 549 704 2261 4404 3986 3443 4776 8545 5962 3930 6820
12 8024 2293 7704 9452 5213 3651 5306 9789 7999 9948 668 4198
10 9851 4958 1564 5756 6367 7812 5222 5092 9080 1457
11 157 2696 6842 3326 3469 1443 5120 3731 5715 8793 2037
11 9852 7884 9199 9981 7065 9195 9082 3894 1145 3213 9099
11 5744 8367 3807 4227 7045 7894 8597 2498 6179 1839 546
13 7229 3196 9282 8213 8075 9513 3512 8547 9649 2596 3332 2526 4244
12 222 950 4078 5888 5064 7341 9405 2179 83 4101 1516 7872
11 4894 7088 3364 1553 2338 4318 6722 3865 5835 9498 3788
12 4833 8962 6956 2967 98 751 1345 7847 5584 8995 7250 7620
12 2356 5615 5766 9262 2748 7794 6833 6181 1132 2016 7360 9687
13 8509 4494 842 6805 8225 459 1252 477 3049 5701 8181 1539 1680
12 88 7319 992 8434 3220 7316 9160 3278 5391 8209 6162 4164
13 9581 2828 1908 3036 4673 934 4245 5803 8950 1217 2861 531 2086
10 3951 8955 9696 1332 2954 6703 2501 1493 7479 5314
11 8175 5654 5332 8506 7920 5457 161 425 8564 7552 5947
9 530 6188 3793 4939 8421 9407 9556 5083 8016
9 4184 3239 4355 799 4711 4957 3130 6375 2461
11 8204 8868 1101 6379 2390 4117 4264 9159 4395 1203 2542
12 2581 7889 7398 2110 1771 6437 133 4970 1907 8813 2417 6001
12 2571 24 8792 4895 708 4696 4819 9554 5537 2311 7598 6395
12 5890 3276 5853 2207 1734 4654 8591 9026 3007 3319 5041 2766
11 3329 617 5711 2234 1299 5472 744 2284 1396 2025 9742
6 6952 2999 1560 3904 5991 9894
11 2917 225 7255 3073 8831 2121 5210 552 6504 2214 2111
8 6150 7114 6698 7804 694 510 6556 5706
10 6656 8555 6630 3921 5995 473 1199 3135 963 11
9 6457 9538 5465 7193 2319 5340 7149 3351 2204
10 4679 9042 2639 1142 7355 3489 2762 52 4074 9826
8 4414 159 4200 7444 2513 1779 9867 3397
10 6044 4973 5808 4717 947 9355 7370 408 5619 5136
9 3333 8378 2809 3798 353 7176 5124 7556 3345
12 585 4194 9947 5866 9151 9586 6638 1716 3940 8896 4798 5194
12 9935 6293 5241 711 4249 6122 8188 3999 9799 8228 34 9583
9 8578 7576 3482 5566 645 7770 7389 7503 1320
11 8382 1601 2787 7156 2663 4246 2159 8246 8492 870 3570
11 1635 6843 6836 2641 2867 6498 1041 3691 137 7091 5211
12 9401 3270 6340 7686 3317 6197 6601 8624 2213 6655 6859 5694
13 9305 3786 4525 2577 8892 646 5405 8534 4105 3 9060 7363 2841
10 7913 8190 6818 918 2525 6716 275 659 5552 6337
10 6404 7171 1309 7876 5250 2959 6874 8293 4521 8108
9 9768 102 4756 5777 1005 5957 3124 561 5479
9 8978 2480 4605 5464 293 112 9985 8872 8725
12 1867 9707 8708 7934 2015 5837 2272 8820 9278 1012 332 2667
10 4665 629 5663 4111 8038 122 5503 2401 6552 6813
10 7928 4502 8686 4195 7004 3765 6059 9442 7086 6829
12 297 8449 9068 9002 8505 1324 7967 7009 1937 8763 412 4710
11 3869 5089 3629 9561 8644 1412 8285 688 2713 2236 544
13 19 375 1323 3875 6473 4072 3174 458 1275 1224 817 678 359
11 5510 9926 6237 1644 2393 2355 6451 3699 516 6131 698
9 273 3849 1784 9564 6984 6672 8620 7282 3291
11 5358 1627 2292 3205 5699 7077 9804 5101 81 8516 5353
9 9627 3203 7602 2118 8033 7650 9225 260 3847
9 1447 2869 4034 3993 8731 1453 5021 8550 8481
11 4437 6132 1480 9362 1024 2714 9658 2479 7648 7167 3888
9 1888 896 4656 4068 2539 8273 7958 2854 1053
12 9901 6199 8425 5649 8520 6201 5569 8814 2248 8103 9357 7982
11 3103 4056 6742 6098 2548 8990 4029 1008 7474 5268 968
9 5693 956 2585 2297 9666 9629 9175 1302 1816
11 6269 7428 9619 3770 7916 3119 9508 7237 7361 310 8145
11 4637 8158 5477 7846 507 1282 2 8843 5632 6629 3682
14 9976 1869 2036 9744 4206 2910 4293 9209 4014 4443 5844 3439 6262 1175
15 9514 3693 1228 6942 7877 4063 7903 3601 9681 6345 4658 6734 1891 1875 9959
12 9412 9890 5899 7209 3877 6907 7312 4698 223 5292 7536 62
11 3257 8614 6393 6909 9139 3722 2039 742 9237 2640 2768
9 8351 4593 8782 7464 2330 209 612 1154 6763
8 7249 1864 403 7119 9763 1876 9944 5183
11 61 2536 6182 4767 3566 6900 9810 7298 621 1065 5321
12 2519 1984 1111 1994 8956 1930 6850 857 2468 2892 6974 3668
8 8587 2578 9752 2601 3077 9449 4786 8928
11 6916 6718 1010 4875 2082 6615 9859 1496 6164 7028 2793
13 7957 3148 5955 8379 8062 3463 8573 6751 4394 6042 782 6081 4407
9 6296 9138 5377 6333 194 5690 2178 5729 6680
10 2135 2566 6639 5712 4877 6512 74 7098 8121 118
11 3549 7116 775 5289 4938 4274 2942 173 521 7683 6707
10 3024 7041 8023 9543 7078 4279 3216 4173 6855 5605
12 1515 6922 6652 3325 4104 1415 6832 1057 5779 1756 3494 3650
8 2147 2686 1697 1634 575 3578 3154 4036
10 6765 4969 2523 8063 1031 3717 5023 5827 1989 1241
13 4687 2963 4143 9090 9563 8973 4141 7140 5123 2715 1338 1612 9032
10 7975 6784 8799 7647 9270 8237 7587 1686 3342 619
11 7553 9409 1620 1838 9382 9632 5730 2431 6312 930 3127
10 4829 1862 1046 8477 2989 3938 3574 8817 8177 237
11 2774 2711 9450 444 3775 338 8182 1198 2684 152 9107
15 1273 4842 5324 7710 2919 7580 993 7334 9800 7830 9103 4988 1169 9682 103
13 5227 5381 6186 2143 3050 9645 7567 8682 7365 4623 6738 7605 9408
9 3025 6570 5437 3640 6255 4136 9229 7007 1781
9 7911 208 9595 7609 8079 8184 3893 1033 2419
7 9691 3409 6767 2352 6121 3044 8967
10 9267 9685 6172 1271 5933 6200 3271 6442 1810 3756
11 961 5601 560 1193 8073 6930 9436 6897 3550 924 3382
11 3055 6220 4475 802 9031 5070 3377 4270 4406 6156 2109
10 2531 8302 9071 7445 1568 6896 9397 1750 2955 6192
12 5090 3384 4485 2928 2315 3754 8616 4777 9969 9188 1179 7593
9 3017 64 55 7691 8094 2231 9963 4528 5558
13 7329 8157 2904 1491 146 6596 7267 9482 8143 6806 2602 2205 6171
10 203 5920 7309 6426 7066 8510 8431 5906 7564 3933
9 5517 4208 6647 852 3117 1741 8438 9548 1155
11 9003 8586 3435 8791 8901 6865 2717 4159 9636 6357 1428
11 7104 1863 6893 1521 1800 239 6771 6020 1702 8077 7273
10 2788 5868 8652 7456 6839 3534 9512 7802 1163 6980
11 4848 7477 2377 1232 9141 3685 8530 4801 1965 9400 4398
12 3410 3090 4826 5602 8021 9276 4147 4758 4489 7665 7588 3521
9 9254 1970 7558 6550 9190 8214 183 543 1498
11 7657 8059 2930 2141 9920 402 1681 4906 1352 1761 178
8 7198 1527 9477 9394 2235 6321 4847 7698
11 6412 3188 241 7135 196 4365 2614 7631 8873 8542 358
11 8736 1386 8309 348 9481 8715 382 326 2644 5519 7790
11 610 656 849 1489 8373 6888 1264 4405 3299 8039 4978
13 7965 3855 2512 8167 8042 4749 7823 2206 8296 6422 4840 2048 3421
8 400 5087 4113 3862 2626 3159 9392 878
10 5402 1986 7555 4872 8035 3052 9972 928 2414 3796
11 6069 4088 2543 7654 5009 5393 6602 774 8705 3828 9310
12 9504 3029 4913 3314 2220 3845 4806 3459 9928 1827 6054 5220
10 1593 92 665 3453 3169 396 9795 3072 4739 3211
9 117 9325 8795 1997 2366 5994 5709 7575 4026
10 8557 4713 1725 2893 8134 3053 5700 2996 8656 4675
10 3371 8989 5300 6884 1873 5815 2153 7551 2960 5635
9 200 3420 6476 2982 3267 1402 7663 5858 114
9 5205 5628 6746 6247 6921 2589 9395 5582 2712
10 4349 2781 2952 1348 254 498 2938 5167 760 3027
10 6822 9137 4855 8445 9349 9000 5913 3673 8233 4303
11 4307 4661 853 9679 8945 7245 7000 9150 4258 851 8531
11 6724 417 9035 4615 5143 3879 2835 1860 7661 487 3361
13 3168 3816 5746 4653 9272 2089 720 1281 4372 5453 5309 520 5984
9 8342 9121 7873 3108 4744 3905 6800 442 2232
6 2735 3840 7915 9038 7716 7339
8 3200 3147 6029 5486 2247 7397 4892 7638
11 3005 5771 7134 2975 377 7180 2000 9300 5862 3121 6253
12 6695 6786 6244 3157 355 8952 4266 6808 6030 6862 3538 591
11 4761 4643 9769 5816 2898 683 7579 5317 9709 5614 6488
12 8699 655 6912 8257 8551 4396 8548 2857 3946 2882 5804 3581
5 4080 4467 8670 2341 2367
9 8406 3442 9846 1803 9118 3450 2264 2407 2633
12 6304 2681 7364 9712 3789 1834 3487 8835 6925 4985 8135 3187
11 4225 8464 8940 8826 1685 8020 1429 938 8842 283 4343
9 1200 6809 9370 7763 216 7164 8779 9102 8428
11 627 7494 3122 7172 2648 5380 3907 2702 4060 8316 7971
12 1372 2973 4139 4966 5757 982 1048 6989 8334 5872 1371 8662
11 8146 9546 4302 6641 9671 9496 2129 3474 2874 2780 2045
12 6875 439 8804 1944 6939 1004 9328 6213 9889 4828 7865 1917
10 8133 4586 4331 1104 1470 4125 4979 2495 9801 2462
10 3067 100 493 6356 6021 9987 9228 7383 4092 1508
9 7357 5507 5285 8878 1692 5158 249 9153 387
10 4742 5335 4171 9497 1062 8007 7757 1896 3221 7573
6 7993 7118 8227 9234 3212 3206
13 5440 6849 4017 6523 7900 990 1121 8785 9886 6462 9879 1886 8961
10 9974 1384 3066 9127 9341 3362 5371 6061 4850 8593
11 7585 1843 380 2551 2652 9809 6857 2899 6155 9247 5882
10 1830 7548 5369 8028 5017 4119 244 9043 4289 889
10 7141 3541 553 9319 1689 9376 1466 1042 2580 7669
11 975 8637 2442 7764 3199 582 2198 4805 3547 3391 8452
8 3197 2384 320 7707 6743 9419 8357 4845
6 6265 1160 7013 5878 5999 2193
8 8448 7493 2270 2600 4411 6932 2590 1684
11 1995 6222 2240 4689 4703 4035 272 4441 481 4871 8027
9 4733 8229 5417 3495 9136 9983 1181 4613 5490
11 565 1500 6966 8984 9187 1245 2386 9194 4491 4830 2068
10 483 8376 3663 7843 4050 3625 6816 6475 3829 1650
9 6189 8773 5256 3490 2470 9361 2033 7455 8220
11 6735 2275 2907 3436 5351 4046 682 7081 1672 2988 6370
9 6547 6633 1433 9100 2649 3843 2285 5352 903
7 2784 1346 4642 3381 2682 5864 946
9 533 8274 4481 9912 9191 3867 1023 3997 3323
10 6228 378 6541 3092 409 5702 3483 9458 4858 4597
9 6710 7988 8239 2397 6982 6977 1604 862 7935
10 6418 3513 164 6519 5990 9813 9474 5525 996 3973
13 2603 7451 6740 830 7207 3160 2126 9052 4685 1436 9111 4135 5166
11 271 8758 730 3885 9475 3785 5054 232 2921 9962 1578
11 2278 719 6216 7103 6013 8263 2710 9884 3782 3841 7447
13 2507 8856 8529 7595 2180 2187 3947 5188 6025 1050 5027 2451 9208
12 328 8979 5409 5237 2556 2077 3295 230 385 9089 740 4575
8 2934 5193 6815 2935 6425 7407 8470 3230
11 2123 2912 1835 3146 6218 6625 5045 3173 3949 6777 4397
11 9996 95 6739 9182 5400 527 3672 7762 7570 6824 4903
11 1609 1441 1256 5620 9633 4628 4256 6085 2017 1996 514
12 8484 3697 7020 922 8848 1660 5769 2599 5548 8247 8493 5911
11 2986 6327 633 9751 6493 8395 9284 3222 1037 692 154
8 3654 5809 2622 9574 7014 2547 5116 714
12 4935 4109 1745 1637 5161 3009 8326 1955 6970 7414 2688 5963
10 1313 772 7628 3430 8179 2729 6567 7353 9724 6167
15 2465 5716 2520 7040 1227 1430 6634 4705 6078 3970 4423 8603 8650 701 345
11 8559 823 1589 8739 8272 3340 2164 4770 5655 151 9240
11 9757 9406 6280 6562 6642 8300 4591 8093 4043 2558 5627
12 6139 6119 9133 5466 7379 2439 1248 3573 9832 214 9378 2584
11 1757 6438 1326 5425 6885 5043 5567 5870 6033 8695 5733
12 4071 4233 300 8902 5208 9283 541 8189 250 9132 7656 5106
10 6410 3190 8346 3746 9463 2937 9152 2076 7726 4529
10 6711 5861 9015 4496 3451 1394 2345 5301 5452 8010
10 6913 1189 1276 2455 8212 1639 9874 6203 97 2309
10 7499 4659 175 6969 5885 1186 9298 4880 7749 1450
8 3972 7535 7701 4224 3461 3193 6540 5154
9 8890 8198 4282 9158 150 5305 1460 1307 8359
10 3375 9128 3669 9631 1518 8855 8601 9444 1591 9624
8 2166 1777 3138 7574 7109 4314 6223 2041
11 4020 6649 7048 5212 2078 8970 4429 5031 4064 874 6376
11 8262 7196 7246 1755 6657 2171 9388 1920 841 7231 4477
9 9805 8040 3833 9022 4990 7502 7546 9821 1165
13 9965 8786 583 6902 6580 7064 9950 8932 6413 3748 4038 4330 1714
11 5049 2385 5263 2233 6825 8324 9179 2504 7738 505 2690
16 672 8310 9626 8128 4387 5902 7422 9620 5540 9263 6873 6565 7741 1168 7608 1368
9 5282 9842 6749 1774 93 9023 6066 6251 1474
10 5727 4021 5539 4048 5794 7085 4764 7987 5094 1850
11 4984 210 212 463 9847 5040 3433 4682 2374 4512 917
9 8370 4585 2981 5557 3802 1852 3262 1879 7212
11 8832 3579 4867 2657 1721 1655 7857 9734 7220 8909 7177
10 3603 1422 4709 4213 3524 7793 6332 1767 3919 913
12 519 7190 91 3646 1897 4924 2805 2771 2062 7322 6747 4890
11 3546 6202 718 7162 4347 6662 1146 8446 8284 6089 8511
11 6053 2245 5967 1013 3772 8918 1537 643 3645 4163 7643
13 7230 69 7174 7232 2061 6584 5603 9224 9330 967 8645 3915 171
13 394 7554 9104 9364 4532 5442 5262 6261 8539 9570 4878 8987 9975
10 423 1512 9705 172 8965 3686 8159 1932 8439 6469
12 5856 9464 2140 5182 715 1081 7296 3470 1469 6883 839 3749
13 4648 4959 761 4788 4866 6450 8298 4718 8750 877 1889 9490 3897
12 2720 9864 2217 9628 7515 7150 728 1783 4093 5656 6802 634
12 5086 3891 7861 2181 1263 3584 8368 4352 6741 7679 3395 5511
11 4794 3468 2402 9421 8981 8560 2348 821 7169 4336 2268
12 768 1557 5636 7120 3839 7666 9205 9462 5006 9630 9539 7072
8 825 9952 5160 1676 5579 6910 126 3912
9 9625 8801 6571 9779 622 1509 5708 1695 7507
10 3294 4657 2675 8823 9238 6480 6745 5076 8833 2901
10 119 4792 2327 9116 2782 2776 7732 9420 9612 9853
11 9347 4228 3735 354 6196 4499 2670 5219 219 1501 2447
8 32 1884 3393 3608 6963 7626 6452 1934
11 474 1530 5576 9684 1831 935 7217 6643 3416 8720 895
10 4980 1206 8840 7645 6165 865 4121 4221 813 8772
11 9164 9845 6582 8401 4879 5495 6290 8688 4388 5650 4822
11 4112 4410 5012 4888 3054 315 2291 4624 5981 4358 4334
8 7471 1565 8485 3396 1297 2760 22 7222
9 7557 1221 2260 6392 7208 1967 4520 6324 4253
11 5948 5713 6871 2737 2429 6764 6163 5367 3667 2274 6137
10 7430 6618 7463 2132 9264 3493 3307 9333 5904 8250
9 1240 7019 1223 313 4720 3648 5093 8546 3232
9 1674 3373 7203 1123 9246 3016 3101 3266 542
6 5668 4327 4907 7325 3406 1417
12 8787 3585 3418 9738 8854 9640 7384 7633 1504 887 8312 1039
10 7465 6537 9817 3149 1387 3565 4947 120 9299 3401
10 9314 5881 9613 3636 3621 4607 1266 8691 7351 6904
8 8711 9720 7381 35 5849 6331 5880 4902
9 4910 3557 5426 1364 7347 456 5522 379 2400
9 1465 8629 8072 6208 7344 1314 4007 827 4039
8 2783 29 4807 8486 7799 1529 1098 5080
9 6123 381 832 6041 709 3316 873 4137 4920
10 6239 1257 9478 8800 1030 9785 2777 4617 7276 7327
10 8803 9830 9735 65 7148 2979 7807 816 8030 4484
10 1503 9289 3859 7525 9925 1597 6283 4497 7637 4596
11 8435 9316 2072 6587 9934 4426 2958 2957 7277 4098 801
13 6831 513 3057 3477 741 5847 4099 7278 680 3141 7849 279 1945
11 2056 7211 7191 697 7342 580 5163 4921 2084 2398 3354
11 666 5034 9623 6159 9710 1177 2754 5050 3701 6609 7333
8 3616 2453 5245 4832 3228 4250 1921 5307
11 2883 3426 1968 66 6814 9871 9114 5976 7662 6064 8049
9 497 7434 6125 280 8413 9425 5675 5074 3006
11 2436 1735 6965 7097 6120 7870 1861 1502 6975 4734 9780
11 734 6536 3675 8806 833 4209 2722 1551 7927 1687 7105
12 9306 9820 3596 6012 6173 1211 4787 8343 886 9917 847 3082
11 9078 7837 7401 8595 4784 8268 7630 5674 9866 9027 3962
11 8203 942 8585 6757 4066 6762 5240 5187 6387 5929 8512
11 4693 5717 957 7840 5112 4170 8259 5451 8903 2042 5052
10 3281 6403 6101 8783 9046 3181 6008 8583 9941 2081
12 109 5234 6526 2105 5014 5892 2537 2228 689 6620 7622 319
10 6206 3778 4546 5500 7922 8830 5600 7417 1451 4360
9 5235 7243 1494 4869 3370 7929 1319 4712 4335
11 7314 5678 6877 2184 6002 4087 2314 1768 6678 2680 1072
11 8784 1511 7448 3866 1949 2174 8761 485 4876 8646 1915
11 9733 615 8323 4981 9487 6263 3038 5360 6298 8105 500
12 9550 6381 554 9557 1833 843 1980 2244 8173 4044 686 5724
11 2538 6645 248 7117 9219 3753 9881 6548 3139 1208 8912
11 6466 6804 7994 7901 6067 415 7102 352 5559 2875 3339
11 8236 1369 5818 2927 6529 1524 9075 4942 290 4608 3198
11 3821 2738 2008 1595 8615 5386 7791 2031 9079 4259 4107
9 6706 4507 372 5996 1192 4789 6116 6608 3136
13 3555 57 5934 5287 4602 7810 448 8193 4291 3811 8917 5959 2557
11 1097 3540 7438 342 4772 6128 7197 6558 7274 130 4634
11 4601 1267 9429 6729 607 6848 1598 6811 1393 7179 7924
10 7685 3366 7808 9106 9694 2635 6513 8933 6996 6362
10 4455 5554 9495 7226 5172 1981 9457 3231 1286 7761
11 6424 2511 8681 8694 1738 8447 601 716 2116 7272 8498
11 7862 9166 8462 8243 4664 7891 1194 9072 3556 5169 1325
11 9274 1605 1109 691 2482 3251 9784 7668 5134 723 1374
11 5387 6026 5695 6484 461 1353 4344 3537 8291 1328 5502
12 5721 2305 8575 1729 3901 8502 5838 4884 1357 4989 4278 6234
13 9670 7188 4882 1630 3531 8640 4150 6062 1872 104 2913 2947 1196
10 206 4255 8664 2167 8609 482 1628 4356 6380 2570
9 3445 9226 4558 4515 5954 9335 9902 3602 7003
10 3411 435 138 6946 3783 8025 7860 7418 7504 9009
11 4428 2112 9313 1799 47 4024 8099 285 2254 6905 8946
6 277 2418 1218 7210 2156 2856
11 7677 1883 3990 4130 9836 897 1667 9410 8760 9101 4523
13 489 7406 6141 2797 6987 3851 3123 7829 9882 8339 6169 9447 6943
10 3544 4450 660 5279 2444 3083 5520 6378 5481 5303
9 8219 7512 4666 2324 5684 1051 3269 6292 2956
12 3129 266 3966 9485 15 529 9033 2021 6102 6308 1724 1603
