28 5831 3775 6250 1024 2218 8442 7356 4432 2132 1694 2935 8352 7696 2549 2527 6466 4752 3761 1463 1782 4663 4593 1287 1470 9947 7788 2902 1990
32 5454 445 5324 405 446 8003 6864 4560 7865 7467 9989 7468 9375 8931 8248 7491 8200 461 5617 9981 4770 3738 9102 4403 3066 5221 3237 6495 2616 7850 2561 6014
27 9997 4049 1134 553 7552 7957 216 7489 190 1098 7304 4064 2092 4180 4230 101 6476 8996 8397 4073 3624 316 9878 806 480 836 7690
31 2820 698 5938 128 1926 2236 4627 1521 5171 5168 3242 4031 9327 1708 6581 3849 6601 6398 7682 6837 7155 7231 9239 5920 8280 9198 8323 2627 9869 8715 2518
27 2854 3632 2330 3782 130 1049 2395 8320 7317 1082 6574 4835 8925 8124 7763 2757 9877 6611 1225 2272 6193 4563 9063 4608 5780 9296 1993
28 6599 5955 1956 2350 6520 1631 2609 6286 8834 4889 7305 7068 3685 1774 7363 7622 6124 3535 8304 1075 1722 6071 6541 3713 2883 8484 5513 3386
29 8019 8568 9459 4436 3238 2096 9425 1519 391 4178 7059 1948 4420 8732 1858 1763 6695 4491 2172 1729 5722 3768 6116 5408 9112 4224 4682 1484 2661
30 8033 5160 7222 5467 8875 7625 2201 9485 3934 4880 7415 9089 8899 189 4277 4129 2692 1906 5242 4023 3255 2073 5753 2074 4450 3655 2514 9968 4418 6441
23 4506 8653 8286 61 6869 3804 4734 6795 1435 3834 6272 9196 5755 6487 1190 3964 9210 6825 2294 8803 5667 3159 6172
31 1111 523 9589 6770 4151 2384 5182 2138 2391 5596 6727 6550 4641 4489 300 3543 9552 1535 514 3885 226 8524 1084 1902 5765 8515 5734 5621 9650 8180 7555
32 1434 6257 4481 3455 4983 9974 8572 9406 1917 7955 6287 6115 8512 6044 6433 2187 3013 4453 1640 8321 6270 5544 9013 9652 8742 5305 4631 9023 3734 2968 6061 9600
26 7590 6062 3698 1123 9454 930 9107 5235 7071 9247 4601 831 3211 5531 7975 7141 1523 1216 5458 3509 8427 6317 5715 7166 5257 3570
33 7759 8406 7922 2293 785 879 8609 685 8274 5090 51 6672 2040 5533 7213 2389 4423 3721 6749 3301 2341 733 923 4778 4755 3676 7055 9176 3214 8935 9698 451 4690
35 5679 5383 6720 1734 9366 7329 2049 9629 5499 5201 3489 6361 1301 5397 6586 2590 9833 2235 603 8348 6930 3343 2899 2886 7762 5165 137 3627 3559 4369 3493 3959 1079 5851 5707
31 333 666 3991 5613 9635 2693 8543 3442 1283 3103 2832 1431 7935 2260 3127 3028 1552 2278 6220 756 4654 5288 9085 483 5625 543 4038 2510 2487 8514 6246
28 1179 9360 2554 3681 7020 7147 7845 682 4315 9531 4958 9267 2178 3078 2262 1553 3180 3837 6965 2420 5179 4876 8163 9881 9905 6532 4674 5690
29 3016 6982 2241 1192 7011 8890 5990 4395 2892 4647 4533 2124 1642 2077 8773 1611 8984 5563 885 8127 312 8192 621 9542 9422 5849 7362 2952 1177
25 719 1574 6461 3064 2085 3881 6551 6218 1898 6412 1163 710 2464 1383 8155 2639 7143 7548 2117 4721 787 6503 8776 8539 9770
35 5954 4473 8184 9336 429 69 1675 4587 8924 134 3417 3348 4396 5547 4140 644 1003 9464 2014 210 6644 8843 354 6087 8208 2650 9519 8467 9680 4959 1361 6184 2969 2296 5698
30 9191 152 5326 5984 68 2640 7144 7538 9394 3439 7061 2960 8325 3565 3955 9218 3981 4578 6540 9209 6759 5891 1663 9493 6579 859 1601 8978 5280 2217
31 2603 2517 5944 6265 7724 309 2053 2394 4628 8793 4363 9720 6862 3241 7859 318 2869 5642 3408 179 9532 7403 9775 963 6661 2927 2953 3083 5050 4364 4659
30 9670 9861 1425 7496 3295 3716 7087 7406 7369 2774 1089 4306 4047 9689 1097 7948 1905 2231 1488 8186 6984 1949 748 3022 5180 6248 79 9586 8298 7348
32 2446 1048 7704 3505 2954 7516 4834 9268 3917 8517 7784 2030 3563 8008 3771 9800 5730 2006 3102 302 2133 8429 3263 7293 712 9686 5615 4584 4973 9463 3038 711
29 9145 7822 7793 5387 8261 2775 7910 530 6567 8728 5064 8769 6406 989 1636 5956 4118 7285 9611 5893 5468 50 1790 6534 8965 731 1655 4699 2587
29 3440 4805 5115 5308 343 791 8673 4457 3176 3392 7336 5834 2316 3132 7018 3458 4191 5393 8161 3566 4102 2356 351 7601 3712 860 1313 1665 1648
32 8141 8394 3235 8952 9378 1913 6000 3556 7927 525 5550 5964 8337 6836 8762 157 3137 5652 1517 414 3728 3967 9926 668 3029 7857 8777 2751 4270 5582 8585 6055
29 1666 4611 3709 9688 9075 4802 2051 9735 7151 5138 5772 8581 9006 3018 6033 1935 8855 3730 4855 449 9262 6739 6685 7913 11 4042 7156 7697 4678
32 9058 8730 5354 5127 2526 3845 5693 6500 6752 7526 7755 1207 4577 2076 2148 5689 4633 6338 2326 2447 355 7023 4405 1803 8643 7818 7512 3450 2778 501 2386 411
26 2995 3209 6879 4259 3 8250 2644 3513 5742 8264 4229 888 4095 2643 6878 5202 9387 646 9566 8703 9142 9879 3081 3779 3305 3517
27 2863 1109 3075 7309 9150 6231 93 6553 5508 3637 2412 9372 1023 3944 5695 8614 9998 9897 5607 8326 4468 6080 7332 2834 1270 3530 4361
29 681 7313 8440 6603 3060 2570 3951 5144 232 385 6793 6344 7503 527 7589 1262 9118 1914 3108 8972 7273 9518 1355 767 5709 8763 2505 6776 3048
29 2038 9446 3772 7969 4933 9238 80 8488 9854 8593 1329 4284 4914 1102 1068 3927 7813 1400 921 7827 5873 3542 9713 8164 2544 8228 3381 4605 470
29 9832 4878 6003 8829 7485 5116 9943 9499 2289 9529 8877 5200 7267 6388 866 5720 9122 1706 8837 2259 9237 9649 4651 2987 9576 8305 5717 8771 9982
32 9738 3076 8592 416 3932 3620 3036 15 7185 7896 3711 4158 9973 7651 7108 9228 9185 9222 6380 5001 3329 7571 9125 1077 4932 7444 4848 9667 9347 5042 9358 2879
23 7418 9117 5134 2971 3139 6816 6427 383 8655 5425 9728 4425 1482 4845 6492 1231 342 6144 1005 9805 6305 3956 6279
31 7426 4543 4327 2578 9190 7637 8022 1174 8700 9281 3277 4079 1709 3695 2730 693 5072 5114 3571 2972 5655 8156 1026 8825 2102 6771 3111 396 4412 7861 1864
30 2822 4077 5482 6093 5156 1779 1700 9568 589 2744 261 2725 7188 1934 5579 5006 6629 9011 9276 8119 8800 8674 3600 9639 5785 7551 9285 6881 9015 7559
27 6042 3179 8625 6509 3126 738 4048 2562 1194 2552 4657 1144 5330 8752 802 3820 6689 6336 1394 6158 7480 2405 8516 7970 5372 8167 5561
29 2849 1062 8949 6699 158 1004 5253 8876 8499 4906 8015 4471 9736 938 8757 268 6401 1006 506 9849 459 4155 1859 717 8830 9723 4998 1551 4915
24 6440 1125 5914 8699 768 2745 6538 2722 4130 9628 2534 9290 4125 8804 6285 7211 1510 2374 614 6636 4664 8893 7424 8753
27 4523 9498 2711 1407 3575 1080 1740 5177 4055 689 8562 6224 3356 1621 4139 6048 5884 6528 7064 4245 5792 640 6867 1629 4586 6639 7577
26 306 4057 7883 170 8162 2401 598 3326 1132 7869 3986 7990 7242 1853 6350 8425 8419 3012 8359 9472 4613 1815 3652 1473 1027 4789
27 2870 6638 1468 6030 3266 3443 9619 6097 2986 1796 249 2656 305 1918 7438 1073 9230 4233 5743 5089 8456 3572 4291 5569 7772 503 9478
29 9413 7031 7487 1247 9755 1737 8992 9599 425 8532 1792 8917 6693 3879 5782 4851 5356 3113 1845 742 3115 5558 8203 5936 2776 2516 6074 9555 6588
28 5835 27 6475 3612 6242 679 8365 2175 7062 7284 686 4316 6114 1223 6696 4080 3512 1338 1273 3739 1183 8633 6260 6838 1486 2273 6513 1363
28 3160 5030 436 3987 2003 7723 443 8204 1440 9870 1525 2955 991 9857 5411 7953 1927 8221 6045 5631 433 1432 4780 821 3661 2268 7854 3595
25 8725 9538 4503 3682 1257 2323 7880 5700 1349 4519 2859 3446 6462 8329 8148 3418 1351 500 8452 206 8739 692 940 7004 9932
25 7277 6610 750 3618 1776 2608 3151 1897 358 8760 5694 3317 9672 580 2206 716 6827 2035 2529 8030 1626 882 5729 4707 1185
29 3875 4060 3921 7295 1210 3731 9315 996 1735 2613 363 8147 2924 3635 6399 7739 1830 6075 2219 5806 772 5623 5788 2199 7453 8582 951 3334 9018
32 5371 3833 9128 9095 6922 8756 941 1725 2680 8680 6296 3262 1695 7157 6665 539 2741 6977 2798 4438 5415 6839 759 8301 1251 3257 5359 3369 2257 1446 3345 212
26 156 9328 417 1066 60 2519 8239 8000 8251 1419 3484 4825 3508 4477 5027 5154 6315 8056 1901 5339 6593 8302 7396 7371 7315 2084
28 8232 1573 8118 952 7842 2450 6866 9338 4460 3794 1915 8332 6483 512 8175 4555 8667 1471 3282 1591 4781 1696 8922 4366 5747 1697 5991 3767
30 820 5524 4071 1816 8613 7752 5585 6566 8076 5976 7484 8967 2887 8939 8185 6448 4051 9709 3031 4618 28 1501 2669 2443 3848 192 4695 2985 8945 819
27 4172 9194 8786 7708 9584 6871 5251 4795 9990 1872 84 4428 1467 428 8597 5567 5038 8525 727 7451 9062 6019 1017 1333 5161 1690 3808
30 6130 5057 3288 5966 6664 6748 6262 6369 4134 4566 1039 6856 4002 4919 8691 1142 5808 3650 9323 2521 9614 8930 9744 3990 1997 4150 427 2105 3468 3107
28 6428 7179 5537 4 9836 3537 2920 6049 8235 1344 9093 9917 3515 9919 7612 2540 193 3596 6195 2277 9663 5494 7302 2612 1947 6883 2523 511
23 9159 2417 2512 9120 7488 7572 2687 8460 6847 1158 4092 9008 6743 5081 4787 763 3924 9578 8838 8306 3308 5432 4977
27 4078 5771 6488 9408 5522 3858 5439 8004 8808 5282 2675 6174 7033 6653 9174 4653 8570 8079 29 2553 3208 5937 240 5948 8941 796 3876
28 9392 2636 8366 6151 3264 5713 5706 6994 2001 5070 7766 9906 1056 7237 4373 4310 3869 307 6468 4041 3691 826 6782 5261 818 5870 6942 5638
29 6781 2803 2583 9804 3323 2167 3854 541 3090 9853 565 7122 387 7792 4992 5972 5299 8497 2113 8839 5745 8951 1112 1765 5548 9580 3403 2249 2288
33 6430 4466 3128 3268 6073 9258 7201 8178 1882 9274 9818 569 8206 1214 2044 9261 4090 2251 8867 2975 3085 348 4007 5762 9306 2597 5560 6293 2712 4897 3901 6173 63
29 3117 993 4994 8540 3278 7259 5796 2435 5502 2542 7046 822 7816 2790 6741 3034 9047 4865 3253 9701 5414 1827 1633 517 3940 4518 3645 8360 8194
29 7138 8407 8246 5334 5128 605 5307 5157 4221 9495 8477 5311 8659 3759 4218 6846 4525 8107 1252 4261 7599 3561 7669 4039 9476 7900 1369 1559 7460
29 2851 3665 5557 1590 9052 6623 3518 5797 2301 675 8911 243 7473 6705 4153 3795 6915 8621 7184 2327 705 3969 5992 9486 2434 2812 4995 2371 7471
29 6340 1271 8934 9956 304 9055 5302 8150 2509 6997 9158 231 3437 1221 5026 3319 7832 992 1008 9656 8405 3995 1957 6988 3663 6266 1638 3857 7502
28 9321 1896 8590 3950 1969 5079 4589 4110 7709 7334 8861 5611 8038 7809 9002 4280 9893 9297 9796 6967 807 5626 6355 9865 651 8749 6404 224
32 327 5756 1415 6416 6407 9817 3696 9825 3587 5277 473 5412 1176 4813 7007 2979 7889 8529 3928 6035 3276 6934 2871 8626 5381 6583 9557 4196 9705 7123 7997 3748
30 586 3452 9942 1196 9699 8166 7442 5949 7976 320 9133 7981 4527 3431 7432 510 8149 1457 7656 1341 4399 5807 267 2483 9074 6761 2749 2881 6626 3531
30 3883 3562 3258 8083 659 5574 9640 2782 6944 3675 452 2857 2998 8334 5817 5962 4317 1887 5123 3973 3497 2449 5243 5599 4367 4411 8522 5543 4111 8265
35 1572 6154 4091 811 7699 9884 3405 7773 7650 8873 9308 5010 2255 5852 1188 3054 2645 635 7898 6884 388 471 3231 9294 165 3270 5085 9977 8075 2976 5471 5559 6932 7593 6537
28 6885 9460 1377 9273 6292 939 4521 7472 4127 9370 2404 2369 9024 9 3971 1736 1480 6834 4920 4253 9036 2250 5728 2094 2143 2957 8548 6491
27 102 4122 4279 4607 7253 9097 2762 9329 8723 4941 1320 9280 2939 7515 7353 326 7685 3296 8474 5437 3424 9124 6943 6308 4600 2215 2103
22 5260 8468 3383 2752 3373 7412 8848 5510 1688 4334 9655 4598 254 4470 4357 1984 9259 2328 2478 7731 655 6202
28 6424 3592 7787 2769 9219 593 5351 6616 8441 1883 753 8573 567 2114 5546 1537 1903 591 6243 5961 129 7224 399 6916 8272 4339 3080 419
33 7318 3353 6845 3877 4170 6973 8884 1217 9648 7111 5474 2867 7400 2325 403 1280 9311 6772 6698 4340 8908 407 9070 5853 7964 7716 7530 1669 3239 2123 2716 9109 2497
33 7833 1539 626 5777 766 3598 5460 4152 338 9200 9955 6854 9733 5597 5791 4583 1494 7757 3499 2425 6288 1240 1649 1992 9749 8719 1869 3717 5795 6490 7926 4708 3504
27 1717 4754 5153 8693 9803 690 6874 9451 8040 5906 4988 2276 877 1664 5590 8095 6387 7357 8704 3133 8014 5017 1580 575 1928 3279 582
32 9351 9868 5846 3867 1985 238 319 456 6244 5433 6276 3892 3191 5451 4930 5230 7072 3409 5013 7779 8230 2861 7 242 8104 9377 5521 9759 2862 1105 9431 2504
29 2600 5136 8481 854 5826 4867 185 2136 1009 290 7727 5395 9135 6945 2967 2225 3799 324 3046 8303 2208 8069 401 6957 4267 7411 3607 1350 6974
33 962 3119 2012 928 3259 9590 2352 745 9183 5639 7592 3215 9762 6609 532 7345 1544 8591 6182 5646 6180 9525 4853 913 176 3357 9449 9399 9034 978 9774 9071 6133
25 9925 5564 5263 2048 7894 4567 4487 8638 7670 1233 4818 2355 8915 6226 1828 505 9676 2676 2764 7799 2115 8084 6798 4268 7063
26 1785 8546 5908 2263 8615 2154 107 1219 8602 5768 5691 4128 96 9564 325 9641 5271 6370 6911 4908 8672 7164 3406 8402 8959 8629
25 3660 8039 3911 1614 3757 6822 6754 6470 6472 8214 6813 5848 8355 1050 1265 7506 1343 9061 4061 415 2737 5231 2532 8470 722
27 3387 8678 8927 2933 1818 229 5883 5875 1028 5659 8122 9952 8666 2833 7532 6895 4074 8029 5357 9480 1157 6477 3426 5649 2731 1550 9768
30 6507 2202 2198 3149 4757 6255 4597 499 9461 8398 468 1671 9593 3011 9060 475 6594 4146 5252 3222 4972 8340 293 6273 3614 2844 9767 8317 4097 5953
33 7136 6812 7633 8383 5528 2715 9816 4495 6099 1149 4630 8974 2646 3286 778 9458 7112 2739 6323 2333 17 9920 2127 4772 9364 349 7616 1786 4961 638 2789 4437 2134
28 9822 4236 4769 9236 3733 7086 4722 8389 4017 2055 5781 7525 6025 6908 7587 8713 830 7823 9005 1561 3178 2347 5445 6797 1449 6397 7805 9418
26 7678 726 9966 6032 3347 6395 9310 6329 9412 2802 4667 6192 3926 6147 4700 8587 4372 7786 9479 8809 983 4840 172 103 4685 7341
26 9189 9826 5942 3866 3836 3486 2274 3813 7091 5083 6486 3175 6701 2387 6649 595 5267 4154 8785 3673 4449 4108 652 7966 7978 7887
31 295 5703 1764 4238 40 462 5654 606 6744 8123 5584 2878 6811 7588 680 4723 982 3287 7808 4837 72 6734 1274 4462 4733 6709 4532 9829 5591 6546 2936
28 5455 7096 7219 8130 8445 3118 6452 653 8201 956 5969 4542 2808 8552 5869 8886 5758 4645 4946 5672 2490 4445 9433 5677 6506 340 1791 8696
27 2584 352 7720 2604 6245 1260 3001 7142 9153 5763 9110 4612 7321 95 5746 3805 4010 3732 9114 9348 315 2721 6921 2904 8589 7194 7820
26 7653 23 8903 7109 1053 4926 1560 2468 4745 5637 4856 5811 3303 9707 7909 303 9928 3915 6831 458 1086 8243 8002 1454 3030 7187
29 187 1893 5898 9606 4200 5744 4393 2797 4953 3130 1679 7672 6612 1358 611 9169 6905 8491 7070 6381 4606 2628 3793 7501 2398 661 65 4548 1099
31 9180 9887 1060 8356 5583 432 919 8111 2310 2281 5055 8889 2825 2017 1856 9923 3271 9794 6078 6758 2321 4924 438 8361 9657 3163 5764 497 5092 2585 4747
29 4661 6190 4068 2418 1278 7528 8746 9880 2538 8794 7039 7257 8507 1968 4335 1413 2593 9534 97 672 3658 5140 1357 9633 7029 3101 3120 5054 5723
33 7584 612 276 5999 2755 8663 2673 2738 9380 9798 6436 3774 7753 8907 7712 954 1308 2324 8599 5628 9783 1733 136 3980 542 695 3478 7281 714 3958 491 8784 1651
32 2150 275 5213 7864 7331 1923 7149 4950 3500 6256 2846 3364 9780 9007 7344 1661 6670 8129 1598 3891 4404 2344 6571 5061 4206 2190 3586 6251 1385 3092 518 4644
32 1769 4753 4246 5675 3350 3844 6459 8954 2057 1342 1836 3427 5856 8617 9809 8813 8755 8675 9483 8847 7632 4860 7226 9402 8088 5575 6832 9080 4866 3769 4502 2895
27 1141 5388 1037 8841 663 2429 674 1317 332 560 1920 782 5122 7171 6009 3890 985 8496 3445 9319 897 2072 6907 7089 696 6810 2681
27 5919 3704 7638 3201 931 9242 8417 7541 8005 3905 5238 2050 6882 6337 7831 2631 8414 8997 945 3032 4426 7647 6972 9573 5398 7153 4331
33 7427 9155 5370 3860 8657 8503 7042 3735 8120 1907 8651 2908 9781 2735 6210 4520 8215 924 5093 9424 1848 2882 524 3736 3823 7734 486 9353 7923 1916 6320 578 6576
25 5604 474 1983 9033 5 9708 8914 6221 7390 8067 2699 1585 5265 6175 4328 887 508 5194 8444 8342 37 7508 6303 6442 3006
27 6808 6197 159 8566 6910 9625 9407 1420 6652 4289 7455 3229 3631 6187 2615 3786 6521 2227 5399 3372 5866 1506 4036 8994 4981 3868 9510
35 8450 1833 4349 7937 3181 5206 9751 4391 2569 2334 2937 1011 1647 4684 1754 3415 6063 8436 2576 274 1416 7676 6512 5272 3394 4899 2377 1966 7644 5985 3354 3800 6325 936 6596
29 526 5149 3640 2169 4507 6421 2637 9393 9737 4281 6206 4383 2546 4288 3674 5971 2043 5340 967 9234 104 7562 7128 2095 8197 8555 5536 7008 2157
27 6056 9594 2855 4400 4386 2126 5867 5163 4348 5496 6268 7037 7330 5890 4382 2845 1135 6302 7578 8869 8863 8101 2177 6356 4820 7841 5666
30 175 8364 8513 4910 1659 5244 2873 8620 9240 4137 1549 9808 9812 6697 4749 4215 3269 7012 1173 2270 3428 3569 2455 3726 7169 3219 9099 9349 9544 5193
31 1466 7448 7982 3177 9772 3332 1787 6437 1904 5274 7993 7598 1228 7009 2685 4986 5073 4410 3963 153 52 4763 2958 7904 579 1514 2025 1474 516 8132 6413
28 2635 3123 1805 7744 6046 899 9675 8642 8668 199 5913 9334 7290 1057 8158 1931 1291 2688 1910 3689 9265 2376 1939 9894 5633 6008 5481 2406
25 8849 7574 4318 2343 1131 6393 1064 7190 1206 3629 412 5450 5220 6134 8217 5003 4842 6803 118 3053 7714 5101 6311 2804 973
29 9215 3171 4896 5416 9907 5348 6411 4809 150 8812 5900 3882 4720 345 7238 7737 1720 1652 4670 7269 3097 8664 4283 2896 8018 4026 2444 869 4014
27 4891 4796 9685 357 2912 6859 8154 7163 9976 5106 140 9490 5152 8871 2130 834 4475 7225 8720 3792 6455 5719 1279 1762 368 9330 6090
28 4141 1660 3460 5997 9304 4817 4175 4358 5401 6531 5699 6728 2944 1171 6384 3327 4786 9875 1624 6568 8557 4210 5946 8955 1930 9535 4540 8114
27 3039 9447 1036 6578 7543 5318 5783 1865 7278 2233 2028 1867 5905 8115 2413 5214 3047 7189 8138 2484 6805 7139 7354 1316 9971 9643 3444
28 45 2191 4169 6374 676 2840 7347 4004 4193 3908 1849 5951 997 6951 3828 6453 6334 5186 3737 5362 9684 8411 8433 9766 8979 2915 3554 7234
33 1808 2795 5237 2 3702 9263 2677 6634 9975 7605 6331 3234 9562 2923 5894 8066 4546 2019 1409 3463 2111 8367 3999 1922 6560 814 9953 566 4490 181 8236 6447 6730
27 7851 6543 8781 9621 3412 3997 4194 9376 2513 4728 228 9414 4161 4276 7378 8480 3261 761 2702 7594 4255 2308 7214 371 6587 9918 2907
26 3511 9787 779 1095 5376 6971 2083 7771 8801 8476 6948 3941 6706 3213 5485 8495 2216 4886 7067 520 6769 6619 4580 6842 7747 3227
30 601 7175 5377 7120 4053 4975 9583 8249 8289 7419 3407 9092 2004 9704 2060 4838 1456 5841 279 9693 4849 3597 8690 9886 7991 6751 5787 8061 8479 2634
32 3249 9820 7115 1139 7575 6681 7016 2674 3297 4185 9186 9771 1290 9051 6646 4603 3382 8490 3370 7881 755 6777 4846 4216 5145 7987 5665 455 9613 4274 4345 2254
24 4052 5952 1339 5566 3291 1430 5435 1888 9949 3304 2943 1436 2984 8362 7236 3852 9512 2816 3593 8852 4459 769 8819 1199
29 2098 1204 7251 2573 629 5436 5102 365 2158 2624 8213 546 3488 8509 7893 222 4836 9429 8181 8113 8388 9610 9661 9978 9517 8060 7294 5418 1298
26 8057 8121 3169 5492 3172 5051 704 5850 4640 2331 6263 301 6941 4761 9232 4727 762 5103 1569 1687 3626 4993 4138 321 8216 8799
31 2223 4119 9417 7380 3051 2253 9777 1441 2536 2313 2499 2654 7847 258 9300 3441 7700 3641 6494 6527 4056 1234 5576 2579 4999 1347 7518 1022 7050 3668 9799
30 7914 1599 6347 1100 2860 9963 5218 610 8783 323 1360 5281 2500 4213 9299 8942 4240 2663 7573 9801 1200 2831 5932 6086 8533 6153 4422 6784 1268 6479
27 1999 957 6001 4803 8697 6876 4302 8478 4483 203 6849 9068 8558 8007 9729 8975 1741 7507 2438 9550 808 5337 7738 3760 2498 4923 1596
24 8946 4989 4006 1608 1276 662 1602 5350 6252 5766 8371 6426 5820 4258 9140 3056 8856 5641 5025 374 251 7705 6094 9404
28 602 6992 8074 9147 8726 8328 9084 110 4844 5289 2390 3585 7962 3806 1507 7044 5040 2684 3916 8900 410 2588 632 8987 3202 624 8151 6787
30 4935 9361 4715 9096 4104 397 1138 4076 8933 3420 3784 1971 8153 1799 4882 4402 6892 2015 2740 8034 9867 3714 707 1646 5316 7154 5813 7261 6157 75
28 4804 3929 8740 8432 1809 6125 4015 6446 91 8263 5068 7423 8616 1972 2617 9252 9077 370 3052 7041 9305 8632 6899 4326 5711 2031 1428 8096
29 3145 7395 5934 1554 5148 1093 1562 484 230 6171 9029 7429 3449 6996 1838 5191 4421 4312 8333 6775 154 1332 9597 8157 197 749 121 7921 9969
33 2805 596 1191 4099 9079 3762 4046 1152 8966 7436 167 4251 8423 5322 3313 219 1724 5024 5761 729 8882 669 5982 5989 7262 5321 5710 8985 8510 1509 1464 9188 8314
32 4768 7324 1846 4115 548 9612 5423 393 5360 5084 184 5434 8623 7706 3453 2502 2520 7118 5800 1122 2245 7003 3414 631 9298 6241 2360 4008 4380 7741 6264 98
28 6096 8315 7439 3623 220 6519 9467 8316 194 7135 8677 6138 9332 3622 4779 86 9021 4815 2407 9846 2880 6679 9503 5702 7618 2008 5836 3818
29 724 994 6796 3316 9131 3764 7715 8454 7872 1689 6015 3194 6354 8824 5664 4351 6539 7221 5150 4879 4686 3788 1384 4209 3577 6324 3583 2099 7215
31 5634 8424 493 4751 6474 9980 5229 3203 7024 8262 4374 5291 1303 4515 9769 8787 9673 9409 2173 3466 6549 7582 6723 2282 9101 3909 4698 6573 7422 4556 8392
27 3448 3247 336 4050 8778 6580 3830 6236 1307 1861 9855 4591 5417 6026 6565 7499 9717 6736 7797 786 6886 2284 469 7490 8100 8270 202
28 2734 280 1491 540 2430 1612 1547 2238 8486 7462 2062 1371 339 4148 112 4623 8028 4826 3378 3809 4022 8382 752 6818 3946 5374 8744 3634
37 8099 8177 7394 2000 9129 3331 813 6112 5170 3912 9690 2320 4435 8455 916 2080 6291 6721 3684 6471 7196 4534 8198 6604 3617 7255 8881 6342 7360 3752 7717 4222 2537 3045 4352 7270 7911
29 8561 2793 8919 1014 8439 9484 6753 7768 4446 9835 9575 3146 5118 2817 4676 4614 4094 7710 3433 8676 5676 7977 6745 5907 7968 7654 8387 845 9138
30 6229 7047 7006 8797 6237 7581 9754 5580 926 4694 4190 3330 9497 2382 3199 234 7053 1616 6617 9487 7510 1366 6165 1979 346 3910 3930 3979 5877 7272
29 5552 5014 1831 6890 4219 4227 4307 9745 9339 8458 5059 6515 4833 3846 6018 3003 6345 14 6714 4103 7732 3843 269 2545 1628 3706 1115 2075 7540
33 6933 9960 138 6888 2145 6150 6746 7679 3346 9059 5058 8055 9090 5327 1405 9365 3220 8990 7932 4669 8671 4499 4626 5902 6290 699 8738 1841 7505 9572 9113 6390 9212
27 8103 5500 839 5511 6283 5313 1677 9848 8603 4163 893 974 7404 4417 9757 8226 1581 1654 9551 2662 155 1586 3729 3274 9731 2668 9860
28 577 3025 8183 2152 9104 4480 9251 2137 7464 5457 9044 1516 741 2826 5578 6484 917 7081 9528 7283 3000 9333 5824 18 9582 1323 9838 6906
34 2717 6891 4765 2847 3333 6313 8833 4181 7299 3904 6912 3254 5514 1000 4564 1797 7328 8821 5367 4602 5332 815 6621 3473 9199 1159 7137 5319 3112 105 3451 4714 6159 6121
25 6423 4303 7335 5086 6658 2917 1603 5975 4665 7928 3839 4925 1819 7626 7591 4389 5750 9386 2002 3165 754 7152 287 5635 8395
30 3183 7576 5197 4535 8193 9537 8991 1998 1609 1104 7838 7554 5063 2204 2193 7218 5487 9779 7646 7057 146 8287 6254 7376 8032 1266 6169 3148 8683 2451
31 9340 6931 3630 8745 4165 2239 1414 851 380 1304 1118 2243 1002 858 6457 673 245 6223 3824 5627 1058 867 4484 8160 3943 235 4798 2567 4592 7817 4184
26 9111 5595 3693 5815 6005 9520 5166 9892 3683 266 7875 7105 9216 4294 8560 1832 3884 9316 3252 9843 6694 5342 7600 2261 6161 4771
27 3831 7662 2890 6778 3953 5525 9565 841 9851 6522 886 872 2416 4743 920 6807 8310 774 5616 2932 4558 5286 3727 6667 9003 7568 9784
28 8724 1113 2186 7482 8266 35 5296 4828 5189 3402 7950 116 3416 6143 6228 4750 7994 7428 9016 8973 9574 2363 8962 2884 7617 2189 7608 5738
26 3155 4671 6959 8282 6563 6710 6686 9415 4388 7243 3435 125 3152 9609 5037 2445 6792 2750 5892 1331 1337 7807 3522 2493 6271 7534
31 2758 2765 5798 6155 1429 2024 2212 9790 4377 1759 576 2071 8253 8350 9501 7431 947 5643 9560 3602 7585 1230 728 8735 1982 9291 7770 7107 9900 641 9873
30 9696 4951 5794 5545 5965 9940 289 8093 3984 5878 620 8862 1074 5963 6010 7586 6998 4509 5295 7624 1476 9859 5686 5391 9001 1255 1071 8062 1522 4188
30 9168 4568 6234 2166 8012 8937 7790 106 9994 204 1007 5793 5818 2891 1589 5427 9326 7102 645 7079 6558 3539 4968 7140 6774 1682 5809 1184 8631 3082
27 4960 9913 5310 7232 9139 1465 1794 3669 1203 3724 4997 9231 9979 1215 2153 1919 7233 9716 2697 6146 7410 246 7920 186 7121 7729 5227
29 3236 9727 9037 9636 7180 6618 7980 1821 5183 4691 881 8047 7830 430 4637 2632 9683 5688 6678 3976 8071 5341 4681 7583 8485 8146 4561 9882 9556
26 804 476 3198 1148 4710 736 5151 3949 4452 5012 1532 3670 9703 3251 6692 369 3574 8534 6875 8086 5328 7658 4927 7090 3349 7049
25 8858 5008 2858 7397 4286 1592 2409 1242 8318 6449 3778 7620 6100 5648 247 8379 1775 4572 7301 5016 5996 4381 2385 2380 9802
29 13 3937 5668 571 2622 5610 3100 848 5802 670 7761 5661 9618 7860 7088 1272 3576 3325 9345 6894 9009 4208 2875 2638 7520 6181 5256 8619 7722
33 1579 9288 7794 3519 5258 6379 2410 8679 4550 420 871 7387 5420 2900 1166 4551 6451 418 2951 7836 9647 7999 2087 5444 4709 5088 1529 8520 5466 4287 8416 7837 4875
24 6975 7984 7648 498 3380 3033 927 550 9815 2948 909 8338 2970 2708 5199 2229 7098 7145 6239 5776 1254 8376 561 7652
23 8551 9470 6363 4186 5516 1390 8234 5446 3644 3715 5490 8159 133 4943 9119 9674 7447 4211 1658 8556 6828 1288 1315
28 4801 5336 5112 5349 4123 721 5683 771 7777 5523 878 3490 7150 2032 9325 7778 3125 6938 1940 7113 1478 8010 2491 5380 677 574 9383 2565
27 2163 2563 3501 5333 8464 236 6205 4264 7536 3134 3136 2428 3464 3662 6628 4656 1806 1582 935 8531 7902 6108 8535 1404 6762 4063 3024
30 7849 3533 7689 3503 9382 4005 1250 9546 3780 6163 9056 7906 6585 1489 9466 1829 2033 1094 5409 4434 6353 9776 6900 9746 9341 2655 9253 9398 6650 7319
31 3922 5535 5973 5195 1691 1890 4529 9665 4454 1555 5071 3925 8260 1069 5080 1451 914 3814 6417 1426 6314 7198 1162 4409 3141 5184 843 3796 9152 2901 6017
34 691 6668 7606 7918 7695 5241 5233 9967 1042 4478 2788 5384 943 4266 9651 1034 5854 7056 3920 7803 8196 244 260 7168 9965 1381 10 3070 2264 5344 573 2959 6142 3143
26 8544 8205 3643 9785 7667 4183 6902 4588 6409 5647 3314 7443 3686 115 664 1047 9659 9017 1043 4939 7389 7342 732 3328 439 2007
28 8090 8207 2777 3899 1715 5323 4758 5053 5904 3989 8144 7032 8482 9344 3747 9830 3376 5422 1087 6118 8451 2104 3842 3985 4956 4037 6371 5921
24 2440 6497 8431 850 3919 9761 2439 3604 1610 4857 6434 5441 7258 5477 335 6939 8656 5933 876 3510 1227 3457 8412 6065
29 2672 6392 78 9136 3659 1795 4278 4942 2794 2064 1189 2928 5292 1085 1406 1137 2888 1117 3088 4911 3093 9369 3397 7897 6713 5276 3074 6806 694
28 3256 5097 4807 3524 678 8790 1167 6084 1168 8857 584 9983 5000 8963 7265 7692 9596 7069 6768 2023 7420 9357 3947 485 1975 378 5562 9403
32 9106 7643 8654 5247 2252 8872 9811 8906 5857 7960 3388 4679 7374 793 9654 2818 5219 9931 3461 2224 4800 6760 3822 8580 3750 4850 894 9950 9828 7246 2556 531
27 1587 4974 1577 810 4650 421 5368 4282 1657 1081 8652 4892 922 4072 6607 7829 4596 599 8048 8344 3996 8772 7972 1594 1820 7965 5065
33 3902 5889 3694 5520 3292 6007 9172 117 3802 5506 6572 6385 2522 4782 4456 9664 1879 5786 1783 7615 5775 2660 248 2118 6219 4982 7092 298 3352 8244 7435 4635 5255
27 9141 6214 9930 3283 7239 1777 8798 2097 4579 4689 7560 8842 4177 6518 4406 100 2045 9511 3142 8212 7391 5363 6066 1129 1958 4890 3870
31 7735 9445 8969 2205 6444 706 8471 630 2961 1259 4124 4021 7355 8222 259 3889 5731 6050 2402 2700 139 708 4485 7119 6327 166 3906 3970 6952 4775 4058
26 4322 4766 7611 9130 6016 1160 164 7202 3362 3850 8448 8864 9381 8422 7795 3960 7333 6514 5203 6391 9379 8179 218 3289 3529 3810
34 7080 4764 2652 9031 8078 8400 4311 1197 7176 173 81 760 6280 4559 6872 413 9502 3360 5428 1314 6282 7912 4704 9473 3189 1155 9167 1153 9819 9715 9710 556 3059 9346
29 9742 395 8851 2140 2524 5224 5223 8469 8988 2183 2705 1128 5306 3495 5958 490 8459 6923 6070 9602 3002 6986 6335 892 5402 6059 5685 6564 496
26 7828 1752 2265 26 627 971 2541 6750 1767 1622 2100 6800 4379 32 3897 7292 8199 4668 5364 5981 8343 2938 12 3589 4256 3375
28 8644 4166 3476 8072 402 2470 9260 4774 6893 6582 7459 9367 9666 8960 744 5389 8233 9471 201 9132 7567 9903 3998 6076 4746 8024 966 1911
26 2156 9988 8850 7161 6275 8421 250 6300 4413 6225 384 1126 3061 1382 7733 7961 1116 4024 3374 9022 8729 6041 3404 6561 7996 2925
28 8097 3425 5941 5109 6844 3573 3741 8001 9885 8483 2558 2947 5304 1618 781 3801 183 4162 5816 8767 1208 7498 5538 8660 6783 8195 1503 5987
25 3363 8504 551 4717 3557 6703 2801 4799 2078 4873 6954 5840 1894 8999 6946 4441 5554 3223 6840 7052 2709 7789 4526 9827 6405
35 2381 9591 1499 8108 1750 7988 9898 2771 8791 8569 6764 6824 718 4431 8536 1847 4713 7276 4113 7673 4027 8288 2312 5957 9644 5572 3395 7954 898 7220 9025 7804 2467 9841 8670
30 8598 7216 7698 1380 7191 8494 4858 1238 8645 3865 5045 1309 2408 3507 9763 6851 8461 5773 2453 4861 5078 8021 6101 9924 7730 1881 3355 7903 283 1627
30 5959 2090 7358 9042 9632 294 9899 4903 2591 8526 3185 1852 4262 5601 1825 3174 9792 8189 214 5056 398 2292 6788 3751 4528 6608 5589 2422 8792 5473
27 8709 846 3260 9515 6485 2992 7878 311 1370 4726 5329 1319 3094 3321 2237 1392 4226 1781 840 8098 6095 5814 607 8112 8658 145 5044
26 4467 9243 1909 6925 5945 4231 5312 6230 5862 7680 9993 9545 986 9694 1052 58 299 4742 7783 8064 3861 1061 7386 390 7655 8307
27 9581 6683 8297 6961 9076 6765 1198 1411 6630 7466 4376 628 6450 6418 6530 1013 6106 9144 9944 3564 3935 4569 8929 8247 3467 9995 8311
32 2368 2586 8961 8948 9227 4415 5210 2195 684 8500 3114 5105 3192 5133 9660 8832 5600 3923 382 6072 6861 1336 5630 364 959 2566 9020 3649 7517 5845 7066 9204
31 8220 4398 5608 89 6983 3671 3907 4273 4931 1692 648 9750 1483 7844 4862 7546 2466 6249 1977 6232 4301 944 9521 2787 423 9813 8981 1727 6240 1212 2436
28 1965 7235 6294 9352 7742 8701 1760 8958 7361 7349 2061 4444 7811 1680 1490 6375 3657 4106 6120 4649 7780 9468 6801 1951 1518 9642 6217 8964
27 9151 8698 7782 1842 477 3391 489 3170 3212 7802 6927 2463 3646 6786 9598 583 5463 5929 2196 2575 1546 2454 1543 3138 8596 5361 9941
27 8595 7030 5472 8438 1681 5714 4394 9182 4325 5509 9677 6763 1742 5438 4120 3567 5498 7943 6043 366 828 3578 8712 9916 5774 3188 5107
30 8854 6791 3551 2069 5345 2633 1604 1593 8256 9889 7407 5530 2946 6137 3888 2837 2653 1710 2488 8921 3342 5871 6917 8045 7683 3547 5215 1607 1533 2611
27 3240 2182 1359 5751 4249 221 9571 4263 4241 3553 8296 9739 9233 278 8401 9419 8276 9929 562 8521 3838 942 7713 7951 3474 6673 977
23 377 4701 34 1855 6779 9235 2179 257 7450 2606 1170 5378 4492 842 6958 2974 3933 5190 2991 3936 5526 1399 7134
32 929 5130 6970 4909 6481 4323 9302 8381 9220 597 3481 6606 8330 5124 4547 2800 3605 1046 1606 7635 8608 5605 1201 9432 3217 162 2905 2248 467 8110 6235 4978
28 1959 1813 3496 2836 479 4629 281 5303 8377 925 1802 9908 8989 8384 984 1063 5447 8702 211 5931 7570 6333 4308 3977 4510 9148 5489 2582
31 1711 207 7674 1492 7015 8980 9806 7952 4472 1253 356 972 334 8605 7346 7035 3692 2945 3754 19 4429 1617 9691 2383 7602 6358 1540 9748 8037 9161 3057
30 1408 328 9019 1422 2746 9831 7022 3195 6535 2337 4497 6085 5015 99 7681 6306 6403 5827 535 5094 3965 2089 6517 2063 9208 5196 1010 1739 8682 7908
28 9814 1556 2766 1964 8714 9223 2232 6740 1326 1120 1444 1091 2082 6719 6439 1114 1789 4299 6020 988 3358 8408 2824 2427 2054 2041 5930 9438
29 6950 7343 108 3150 908 5052 9986 3648 4500 790 2548 1044 6544 1892 4332 8190 5622 1571 6962 2271 6140 6458 9682 1277 809 2571 1891 6647 341
26 9888 5069 3027 1067 16 7383 4716 5125 3667 6186 3144 1889 8661 143 5752 2658 9553 481 8571 7241 3523 5358 857 2533 8487 4712
29 5046 3878 5553 5448 6105 3335 4089 800 789 3340 4168 6780 3393 585 8373 4496 444 9396 657 2222 2621 7736 3023 2732 2819 1209 3072 277 9895
29 1641 8835 2305 7177 2747 2359 1322 7800 4703 437 6473 1433 9363 1524 3974 1885 1504 4232 5810 5986 6394 9541 3307 6981 344 7856 6377 282 8879
36 9049 7760 773 3302 8751 1961 9286 9721 8050 6359 5369 8131 9178 5429 2068 642 8284 1292 3812 1461 981 4207 1224 5636 5111 3309 7933 2437 3527 9679 2999 4762 3758 852 2431 2659
27 6330 49 8143 2535 6731 2266 7038 3035 3228 2724 1936 6156 270 9411 3193 5708 4220 5922 5120 5819 5660 6920 8750 8374 7806 9163 9577
26 7609 5475 6092 6677 7719 3281 7483 2799 6590 5974 2589 2683 7385 4538 7365 66 4987 9911 4894 1605 8102 4705 7791 5678 5960 5204
27 8453 8579 4392 9743 4239 7603 5188 435 431 2931 3494 1960 2314 7025 8630 5270 5174 2164 5640 5979 5518 3699 4741 6704 7726 3633 7260
27 2993 4634 4797 2244 9322 590 6547 1269 3105 1723 5442 8335 6993 2220 8254 7758 4648 1970 5620 6081 1513 4620 8811 2093 3840 6663 7641
25 4469 3656 4034 1016 9504 5167 4385 8309 59 6456 3819 7493 9712 379 1195 2910 2592 6641 3864 6501 44 1263 9094 1991 8887
30 8502 8434 4824 1462 9961 3479 4205 8462 5146 6277 3785 743 54 4100 8686 406 4011 3616 904 7093 7821 4133 3538 7197 6053 1943 7542 9100 9847 1635
25 746 4433 3339 457 1325 7286 2868 902 4929 3797 5405 7941 2973 9453 8764 440 4159 5004 9301 2203 7192 4384 3421 4135 6511
30 6570 6227 7946 5881 4067 6766 4126 7621 6738 2106 6037 7076 5249 4375 8721 178 1873 8759 633 3723 958 9922 5858 9605 149 7125 196 120 825 9741
29 6613 5049 1976 8237 1600 7116 2770 1368 2707 5121 933 6989 7308 9959 9091 131 4493 1757 3017 6031 5011 8789 2160 25 8708 1015 2850 6737 3021
31 835 1826 5147 1807 9506 2555 5912 3122 5748 9658 833 911 7104 8807 9400 8578 4570 6438 8259 4854 7434 1356 6131 3413 9331 8252 6688 1396 8290 362 5178
30 94 9157 4662 3482 5462 291 1756 2295 7110 7405 2415 1427 2052 1244 5833 5379 639 758 6119 8866 1578 9105 8173 9108 5657 3938 4479 4791 5681 6575
29 4852 8125 4632 9224 1644 5696 8910 6036 2601 9883 3825 5830 5909 123 1261 3377 1876 3400 6079 5899 5799 495 757 2174 9277 8953 6498 3826 1868
25 3423 7639 4808 7173 6284 4096 4672 6523 3791 3055 8938 1963 9507 538 3371 7208 6949 3230 1500 8802 1800 617 24 5375 4594
30 4065 4574 2297 4616 6669 2736 795 8410 5925 4387 8541 7703 7209 4565 8106 8231 5135 1719 1567 1973 4086 4604 8806 1912 7524 5515 5650 2911 4965 519
29 5588 8983 1595 9646 3903 3050 9416 1822 9391 7607 9622 9324 9203 5704 4028 8604 9217 3096 492 7217 9337 4863 5034 9146 9225 7486 6136 6821 5240
26 7229 5532 1140 502 7351 4718 4530 1340 2679 9314 4831 2835 2116 7549 2342 9810 4365 9567 4991 7814 9496 3135 8845 4954 6969 7936
31 934 3216 2607 314 7566 7636 3367 7249 7668 9477 9439 1151 8904 3280 4344 8956 8137 8601 6432 955 9266 3790 7170 6691 4439 4362 9948 3859 8105 3918 447
30 1187 1424 4660 7244 7449 3411 970 5784 6584 8689 4292 3430 7785 1460 76 4045 8223 4549 4847 9162 272 6089 4121 9450 3098 4877 4936 1672 119 1921
27 5325 1130 2351 3385 3536 4976 422 4356 2919 3742 3110 9249 8142 5519 4054 2128 1613 7874 2476 4624 6366 7843 8743 7470 9452 3913 7688
32 8607 701 667 3992 8681 5542 8913 1299 5757 1620 615 4243 39 6460 8878 8255 5804 9050 1780 9823 9214 2602 6645 142 114 6662 8275 8637 9030 3601 5029 9558
26 7901 552 6117 8530 8957 5556 2176 5028 8505 331 237 5839 2185 2568 4812 8403 4198 8853 8576 5812 4197 8409 6012 5970 4419 4131
28 4107 528 2649 273 8584 8046 9915 2531 7691 2039 3647 5390 6674 6238 8814 5540 4522 9509 8705 8822 827 3483 4907 7746 5386 3218 2809 5208
25 5062 7494 5669 8586 1417 8766 4639 1515 1784 3745 472 2760 2852 1771 7558 8758 8269 1565 7971 5469 7263 7074 2211 2400 2678
35 9872 9441 6258 6889 1264 3267 6990 9554 5822 1096 7377 109 6809 3390 5606 5259 8031 4955 4902 64 180 8313 5825 7476 6896 9516 2240 723 1318 8058 6499 6011 5844 5285 849
30 7132 9718 8404 1704 2767 6600 1373 3528 964 9270 70 6648 5592 7509 3896 7212 3639 241 3615 7160 9206 9789 9524 2088 4680 1801 4512 5618 9410 5211
33 2830 1924 9385 5855 5005 5022 6815 3520 883 8211 6364 7767 9012 3798 1870 1761 8926 4970 9066 604 4814 8271 5335 6987 5651 9623 1583 7457 3041 8782 1967 6480 6148
32 671 8995 3968 9747 3534 1863 9874 1674 7379 2161 5366 1395 5162 7130 3368 5104 4776 9426 2070 3007 6870 9195 853 4675 4173 4012 8241 2275 4947 8928 9866 3555
25 9054 5740 1175 375 8257 8553 5343 3608 7776 8294 5701 5108 2811 9359 4414 5239 1213 8016 488 8923 1857 3588 253 788 7533
31 4189 8447 3914 7416 6819 4309 4948 3821 3167 1837 5018 907 8390 8489 4157 6170 7210 5573 4359 1438 9834 6733 1475 6887 9620 5225 2885 581 4257 265 6135
32 3153 1186 7475 2469 7026 1772 6966 434 2853 6312 1302 9910 5192 5297 4019 8446 5075 559 5067 8370 8041 6054 9083 7266 3862 1311 1877 442 4020 2357 2781 5392
27 3190 3815 6729 9756 7579 8273 7327 1229 177 7745 392 8511 2020 1147 2981 9098 9405 3690 7254 4536 2503 5452 8554 9778 1150 1946 2994
32 3720 9992 6936 2144 6299 8292 1354 4341 400 4792 9793 5352 863 92 8341 1713 4043 649 5419 9901 9137 1296 5250 9722 5995 1685 6465 891 8774 2016 4962 7207
31 558 8044 2785 5209 6635 5829 1055 1541 5293 2021 38 67 292 5198 5994 965 1866 1673 6953 3204 5977 2605 7465 2865 5158 1718 6022 8011 8068 5928 9481
30 9284 8227 9592 5612 3898 3560 4144 8634 4969 9289 1693 3320 4443 9871 225 533 8610 4693 3419 5139 7314 5663 4265 6478 8081 4895 5275 1345 9786 4329
27 4830 7421 6756 3851 33 4083 4736 4864 6318 3124 9072 751 844 5187 5479 3776 7550 5143 9569 4783 1375 3015 3687 8916 2807 6755 4871
26 3233 227 874 2930 1442 5705 740 6128 1839 7664 9127 7846 1662 3470 7310 4085 1743 2898 8868 1388 5217 7303 4905 4841 3366 7907
33 7320 1387 4338 2876 6935 8565 4917 9428 6985 5228 2298 3275 7931 987 9173 4952 9043 2424 1054 4756 507 3594 1379 4234 1019 296 7998 3154 9637 5430 6435 6496 6625
25 3384 3679 5181 6556 1293 2433 2843 1092 3975 7884 5732 6757 2821 8519 7514 3550 2458 6383 7250 932 6040 9863 9045 8768 7326
32 4949 6671 6785 2399 6718 4314 7203 8831 9864 3480 3777 174 8577 4990 4582 7873 6429 4098 8426 7701 9427 7040 3853 2361 3900 1481 6077 2501 7852 2213 5988 9154
25 9443 7929 7323 7728 7381 6309 3651 4003 901 9500 9116 2165 1146 5577 8283 4934 5385 424 6469 122 7204 1995 3311 3957 8009
25 5832 4390 1205 817 2768 163 7028 5916 8322 9437 7036 3454 6082 9256 4378 700 5495 2515 5264 8622 77 4552 9607 5284 2894
28 5673 8399 5185 4573 1542 6826 6328 7291 7824 3584 376 8650 7307 4149 8982 478 6199 1625 9000 7425 4013 1989 6799 2784 5459 5032 5915 4576
32 9714 2332 702 7985 2916 4730 3299 8463 5843 3300 6711 5175 7863 6367 2370 9845 9390 4033 3293 3945 8817 5141 6913 3994 8202 9032 9143 4297 6722 1106 9724 969
26 7781 9797 5895 6657 408 7296 2142 313 8466 5169 9287 1452 3961 6204 8133 8291 7027 6023 3526 4296 6289 8823 1834 9927 6149 124
28 4260 2648 9440 2228 6113 215 5619 3318 1258 5074 5035 8734 4430 8859 6873 367 5505 1 1450 1090 8600 3591 1297 2214 1798 7174 953 4171
27 7995 4088 8053 2339 8765 9229 7227 8493 5983 6773 2184 522 4112 1346 2246 1286 829 9373 1031 8902 1811 6569 7595 5882 7100 4963 5823
26 3187 8472 8170 3811 288 8176 9272 8627 2763 3121 7919 3983 2348 2315 588 5602 7095 7497 4269 7339 113 9082 5110 9293 3829 6301
25 3832 1312 1410 5082 1300 3079 4545 6233 8245 6999 9187 7043 9547 2283 2419 3184 7103 7051 8473 1202 2336 7711 6052 6332 7886
30 3104 1143 5917 896 2147 8375 1222 4465 9939 8042 200 9839 1032 9964 2686 6378 4918 2372 7750 8396 7350 6297 1755 1041 8647 9523 7413 3664 3540 9958
30 6198 1568 9248 5903 8026 3306 4636 3091 1854 3272 252 6860 739 4898 4212 2977 4368 6726 5880 905 8662 5754 7945 9514 8736 8542 9962 5609 2267 2480
31 9371 4759 3873 5041 8017 3582 1241 4001 5353 7675 1639 7748 4174 7610 5096 7000 5874 2682 337 4839 2727 1246 2988 7446 3338 8188 8606 7604 6415 2620 6632
34 9488 534 2442 7890 5598 8293 8564 6747 5935 9368 161 5770 8611 1721 9668 7013 9355 2949 6104 255 5060 3666 1844 148 4816 6592 1018 1900 4075 5593 2170 8268 6898 233
25 4760 9257 2963 6322 4313 5670 3803 9149 8258 1908 6310 8278 2010 6111 6904 1391 3162 2696 9245 9945 1378 426 7938 3071 6207
26 9692 3210 2005 906 8575 3619 9795 4524 5301 9842 8437 7282 2121 6684 7075 1088 8116 6789 6700 3221 5624 1974 8695 4237 7165 8909
29 3042 7511 4773 6655 8339 4156 515 4788 1282 2129 2477 5119 2011 5137 3284 5497 6208 1511 2307 2192 4806 3725 2619 8648 6717 7106 8574 7839 6179
23 9246 1860 5632 1025 3746 5682 7338 3429 409 5036 2188 8345 1401 5924 2181 4035 4513 2159 7252 2618 2345 8583 1793
31 9053 5465 9166 5653 1421 7430 7054 6167 6295 5315 1310 21 7195 5803 3010 1701 3250 4244 5927 2112 6122 5735 2285 7895 9193 6222 2572 2796 7002 5779 7162
32 7337 8080 8134 8717 4476 6516 7408 147 8968 1944 6267 6979 1193 8025 5382 7275 6368 855 8761 7167 9448 9630 5692 3244 1334 622 5234 9335 1634 5491 7178 9354
28 8372 6595 4937 6152 8936 8624 1236 2950 2403 5023 465 5100 1389 1321 7557 3599 5614 5131 7373 7034 8998 8748 88 4615 1981 6524 8816 3116
28 1788 9601 3972 7084 6767 4298 6978 0 1871 8358 4504 1630 6829 198 7058 4883 386 1732 8947 7819 5888 8169 347 7280 4811 616 2481 9255
26 2823 182 9984 3954 62 2642 8828 1545 3546 5290 6552 6716 998 1469 8082 801 549 608 8357 6126 1447 4105 8117 5586 7399 2149
33 5801 7402 9202 8950 2168 7986 6177 3186 9241 5424 9362 8993 2525 3336 4290 1747 9179 1029 2287 6924 2200 2754 7879 1065 9171 9086 6467 9028 5872 5009 8077 2456 6216
28 4494 1862 5680 4514 9540 5887 4025 6069 135 5309 5488 6735 1249 3344 6963 6396 285 3245 2726 2827 7535 7657 1443 7019 2718 4590 2594 1397
25 7545 4458 404 208 7375 2135 1770 6160 2909 9821 7989 557 7623 7630 7848 2047 7547 4810 2340 4646 6028 6947 5789 4235 5674
26 8085 191 4455 4622 5478 6676 9954 141 111 5501 9057 8191 8775 7882 3677 7159 1403 5594 5098 7083 8091 9536 9065 2706 950 6088
31 5645 5721 9175 4784 873 6643 720 2286 4544 3273 2610 9278 4199 8796 9389 9469 5394 5236 9295 1884 8457 6259 6548 2856 2964 9342 9170 2848 9615 5365 1766
27 7382 1938 3765 8324 5968 8594 8646 7660 1423 6183 4511 8109 4448 4167 169 494 1161 8420 3077 776 2461 1497 2046 9934 5918 4516 960
26 2234 6956 4182 7871 7481 8277 5671 5759 7078 9921 7983 3893 48 5346 1840 3525 8336 7133 463 9938 8716 8527 856 3697 8225 8694
29 6261 4501 3312 7367 2506 3410 3225 8920 2318 1643 8145 1402 5947 1726 903 2299 912 3773 3475 3087 5449 1686 6909 8174 6360 937 9505 2719 3580
32 4114 6557 8267 7694 8073 9891 4250 780 9462 8718 1485 1306 9254 2122 1749 2373 6098 6213 1498 5581 7556 297 5246 6307 5656 1699 6209 4571 8218 8918 3062 9192
28 2921 3265 5503 3322 4739 5860 4621 5159 4638 9548 4440 2066 838 2704 8168 999 9570 6712 5205 6004 1324 7665 1878 1305 4702 8353 2291 4901
27 6021 1348 3781 9384 6123 3019 3243 3069 3506 3310 4617 6591 6006 5842 2485 7200 1623 1656 658 7452 823 4228 4827 9991 2067 6598 3399
28 9475 570 1364 2365 7707 4082 9121 9457 734 7522 3315 4658 2056 9616 7172 2714 4321 6127 8 4016 6964 4971 6858 1978 2866 990 6189 537
27 42 188 5031 5226 6410 9678 9397 9533 8182 5749 6191 239 2171 6545 2508 4740 3880 7634 3089 725 2392 2393 2990 3653 7934 126 7649
30 2209 1040 5129 8547 2479 2599 9856 2489 5407 8840 2009 6651 8020 3477 7702 4610 7437 2596 8563 8059 6109 2486 4000 1372 7754 8788 7477 2441 3472 2388
27 8299 915 1745 5298 837 8027 1932 8418 4885 9317 1986 1172 55 2761 9081 3672 9103 7433 4143 3365 3294 5155 5232 8219 7930 1327 4539
27 1472 8152 4581 9561 330 3701 1597 4887 8006 1012 8518 1980 5480 8844 4160 623 4059 5733 2580 6107 5684 6281 2559 6203 8501 1875 7899
26 1824 4980 5262 6857 8733 4697 7158 9489 3465 3532 8628 6976 9010 6502 9264 9671 5980 5283 4912 4176 6339 41 7521 6029 9423 1773
26 7186 6980 3324 2353 2258 6919 9442 1226 6914 7531 3982 4179 777 2151 5541 8087 9626 9946 5338 1945 9972 2694 2779 7631 5551 6051
32 2550 862 5245 7014 8063 4553 3558 8238 9087 1933 6145 3246 1667 7725 9588 8860 8139 9040 6039 2460 9401 7398 4744 7073 2978 3948 3710 5859 6960 2623 9697 1289
26 286 6463 6620 504 7915 2247 6675 3086 5279 1182 5847 9207 7001 3568 8242 7181 618 6110 4725 8430 7445 7289 2667 8363 5317 9527
23 3581 4922 1753 961 4408 3049 4116 7870 3887 5440 394 7114 9617 7888 8023 875 9271 3200 2109 1119 2119 1235 5273
25 1030 350 6504 4673 9491 7891 4145 9482 8094 3942 1353 8550 5978 1495 8707 976 7372 6536 1078 9608 4505 7810 3962 6038 6164
26 3636 5837 816 450 4966 2013 2358 8865 7840 7580 8943 3456 9844 643 9292 5493 9465 864 1702 9226 1232 9181 8567 5926 824 9700
29 9543 8492 563 9073 4009 3680 1133 1994 1707 9436 360 4223 4132 2780 3401 9312 9852 6724 2997 6605 8312 8888 6 1393 2448 5527 3157 4353 2494
29 6897 6928 7230 4018 4677 9669 8970 3164 2983 7117 5222 4869 4081 5767 5443 3939 1886 9156 4541 4711 9275 8905 9201 8559 2329 1615 9388 4793 8385
27 2713 1566 4957 9115 6554 1412 9909 8737 87 1083 6820 8892 9303 2842 600 683 5095 5248 4609 8692 9313 7454 7228 4271 8880 2059 7947
30 3492 910 5476 7384 1220 2966 9585 2027 5142 3379 6707 798 529 1418 6624 2108 8135 3638 4595 6349 4203 8428 3521 2729 6408 3207 1714 1678 3285 6422
27 625 1670 3005 6102 1239 2918 5739 5769 4888 9067 636 9862 5132 9455 1496 9421 803 2379 8331 1528 2421 8308 1281 9244 3173 6269 8805
27 2452 2557 9559 6348 8754 43 980 4938 5911 2547 3131 5998 6508 7099 1536 3109 8827 4330 8380 7565 3749 4463 2210 4360 6068 6823 8898
26 482 5529 9732 2815 2346 7866 7671 4945 2539 8639 7199 5943 2226 5565 2929 5923 6526 2362 6642 8635 948 31 3872 8443 4585 85
28 2139 3756 1712 487 7992 555 308 4117 7629 2230 3545 4687 4293 7596 2743 2759 9876 3895 2625 2492 7640 7085 6420 7523 7544 3197 5007 4347
22 3590 7569 6687 5534 7721 979 6419 7393 6690 1988 7663 6321 4843 2029 4928 6194 1328 160 9788 7801 3422 7021
28 4397 9695 5886 9791 82 3703 9356 9725 4900 5413 8369 7939 2465 1952 7312 6362 56 1033 9730 2598 2081 2471 2079 7287 5725 4735 9645 9343
28 9662 90 5483 7060 9549 949 8285 8741 8874 6357 1880 310 7973 6166 3886 7271 6802 9595 4868 3621 329 6855 4242 7967 8043 9904 1653 9837
26 688 4870 1398 9027 5901 975 4247 4204 1526 359 1929 7388 4748 3026 2695 2839 454 7017 4537 5039 2065 509 3226 6955 8640 8465
27 8172 3628 256 9951 6445 6464 9350 5861 3678 2629 1548 3548 3705 7853 2364 5212 9726 5047 1955 7749 4427 5099 441 6660 9687 1738 8618
27 9890 6200 7798 5910 4252 6389 4044 2280 83 4401 7877 3095 9434 3514 5373 7206 2411 6725 7325 6589 8229 6602 8779 453 3931 547 3642
28 9282 389 1751 3763 1558 2101 2838 2322 2689 7352 5568 4599 5993 2982 6841 3552 6400 5043 46 1072 735 3224 3351 205 5712 6542 7718 6835
27 3516 2086 2874 9850 1267 7279 3722 7065 7561 1127 9078 4062 8894 7340 4032 6742 263 2690 1645 4464 1180 7182 4979 1728 3168 5021 3952
32 1817 6640 1275 2965 5400 6168 7944 8349 5278 7765 7131 2426 709 9824 9283 5737 2806 7129 7479 9530 5164 1362 6196 7905 9508 7666 8940 6002 4337 448 7478 5033
25 9858 554 8885 4248 6341 22 3166 9526 2913 8089 2903 8475 5790 1584 6682 1164 1843 4336 195 464 4320 6533 4913 1136 2528
33 7642 7979 4195 3755 2279 9184 7316 2194 6715 1121 3298 4696 6060 213 5718 1453 2432 8295 2941 2665 7825 6525 4142 7469 6702 9205 7687 2691 2828 9474 9444 6843 6627
28 5876 7205 5077 6351 1505 9719 8727 8036 8912 2207 7815 8815 2897 7288 8722 3753 8901 3043 4706 6083 5421 284 3438 7858 8810 9164 8240 4625
29 8896 1285 2482 5207 5940 5126 6817 4575 7597 1557 3817 865 1459 2666 3073 6365 568 9046 3248 6529 1850 1534 6852 880 737 6929 8895 4461 5470
26 2772 9435 1746 2396 2664 5117 9456 1895 4040 8976 4295 6024 5504 2256 3129 4557 3740 4482 7684 6034 4859 9631 5091 1937 2829 2791
23 2996 8710 460 4777 2841 1804 5570 1668 3835 7958 4985 3063 2125 5426 9996 6940 9706 8612 6903 5571 9320 2814 2155
33 9038 1365 544 3462 5456 4192 9494 4692 3205 1730 3341 1676 4652 8347 9035 799 30 7146 3067 8319 2723 8684 4285 4508 765 9026 9638 2197 4517 1705 730 4832 7756
26 9740 7613 4944 8977 6382 4474 2018 3037 6615 619 5314 6814 6253 7126 6850 2026 8300 6346 2317 7619 3459 5864 20 47 3008 7775
29 7256 6425 9492 3579 2756 1588 2242 3625 3156 6215 2595 3058 2877 4343 6414 7924 9513 6877 4498 2733 2773 6926 6103 7048 9374 1874 3993 4354 2630
29 3491 3611 7245 6597 4794 2042 2459 6402 784 3040 3158 74 8224 8391 7942 5603 2577 895 5076 3432 9807 8354 7461 9004 6316 2626 9765 1001 2338
25 2922 9211 8523 1835 5868 3847 4642 6162 7614 4272 3020 3065 3389 2889 1941 1376 1684 6247 7274 4342 3084 4688 7223 2530 7917
27 9014 4066 2940 9123 6794 4355 3182 5355 3487 7268 4785 6454 3502 2893 2475 9624 2319 5697 4225 3874 9269 783 9069 8165 1181 5216 4916
32 660 687 2472 1448 5726 4486 7392 7693 5403 7661 1248 3743 2720 805 8883 1439 4893 2309 3068 4187 6372 3206 6880 9318 8836 1812 2311 4872 5507 6680 2810 5517
33 3766 1035 8415 7458 4442 8052 1076 209 7513 7045 9970 4921 715 1493 8826 6510 5716 2872 5287 5464 1502 4202 7495 7193 4729 1108 8393 2926 9912 4683 3106 2349 4821
26 2698 3471 2141 53 2748 6559 4724 5687 353 564 3807 1103 4488 5539 4070 1563 2180 7892 3841 6631 3196 5805 8070 5897 5410 5002
25 4967 4447 8386 3044 4655 7974 5896 7240 6188 868 1045 8665 2354 2671 2034 812 3718 1619 7940 217 9221 3988 127 2306 6865
28 6319 5967 665 9627 6211 2036 1165 8281 2728 5838 6666 6918 7370 8435 9160 3609 2462 7834 6058 7366 7311 4029 7306 5629 587 5950 2956 1154
28 7855 8971 5555 1520 171 8897 5760 7743 7876 2495 3147 9279 9430 6376 8171 7127 381 3787 770 9840 7956 1731 1716 6431 262 8986 7537 900
26 1386 1437 4217 8327 6493 2221 794 7812 3606 6178 1744 9250 264 4109 5741 2131 4554 8054 9603 6659 1576 6141 7677 6633 946 5486
25 9764 5865 4214 3744 8711 7359 5176 1477 2651 4101 7949 7298 8688 9587 6505 650 6047 8126 7868 4531 889 1237 8187 4881 697
32 654 7148 1768 9702 1059 8549 1178 3783 5863 3871 2375 5821 8944 8013 3863 4136 6129 2657 8780 8210 9653 3549 1987 151 2162 6139 4319 3014 8891 4643 2942 1637
25 2146 1531 2335 1758 132 6274 4370 4201 5828 7077 2300 6991 536 2022 8795 847 3789 8508 5019 5300 7659 634 9563 5736 2783
28 2378 9213 656 3396 2914 4093 9395 5406 9126 7925 5404 1962 7005 3894 1458 8498 2792 8537 7959 2742 4731 8065 1538 2269 3719 1954 1851 2786
29 1925 8346 2813 7519 3707 8820 7769 572 8506 466 9634 2474 8538 2560 2581 1950 6863 1284 890 1703 1570 8136 2302 7463 4407 6833 637 1367 4964
28 2414 2496 271 4996 6790 9773 3541 6027 8687 1218 1256 9760 4822 71 1145 5727 1352 5662 3004 1748 4305 1335 7686 3469 8747 6654 7764 2367
33 8669 144 968 4084 4304 9165 7751 4562 3544 7835 6708 1020 2647 3290 609 1698 8035 1294 2551 5268 5484 6968 2473 3485 6132 2641 3140 2934 7440 6577 1295 4767 7885
24 5266 7539 1038 9933 6995 8368 1245 7916 8528 6185 1899 1650 8378 2753 4164 6343 5431 6937 1455 8818 8846 5294 1211 8351
26 1942 1330 7183 3009 2710 6057 36 4874 5879 3398 3434 832 4829 7564 1632 7248 9985 7563 7504 1814 2366 372 1527 4984 7553 5269
25 8128 1021 2906 9937 1487 6562 2457 373 2397 6176 713 1530 4737 884 1823 6853 9711 6443 7963 1110 3498 5173 9987 7322 4254
32 4904 3361 6482 3855 5461 9752 703 3610 4350 5512 1243 8641 9420 7082 7645 6352 9902 9197 8140 1169 2564 1156 6555 9048 317 6848 3447 8685 2703 3816 6732 5644
24 8545 8870 2304 2701 7441 1810 168 545 7300 861 8279 7124 2110 361 6064 4333 1107 7101 6201 5549 8731 764 870 6830
24 2091 3827 7529 7867 73 792 9936 3770 995 4823 8413 6298 1070 7500 4719 4451 6373 4324 1374 6013 9064 2670 9782 1778
23 5254 2864 747 5658 5066 6304 8649 7401 521 9309 9177 8051 6326 2290 9088 8209 3613 1479 4666 9134 6637 8092 6804
27 1512 5113 2614 6278 2058 6212 2303 7409 7097 594 223 322 918 9681 775 4738 5778 1101 7627 2543 8449 9539 4416 4619 3161 8770 5320
28 9957 9039 1124 6868 6622 5396 1996 2511 3603 2120 5347 7740 3700 4424 9935 9999 5331 7628 9758 5087 6067 7862 6489 4884 4346 7094 6656 7774
24 5939 3856 8049 2037 5724 4030 2574 3654 1683 4732 6386 5048 57 9734 3359 9896 3337 3966 1953 8706 3688 9041 7474 1508
28 7297 9522 3099 1051 5020 1575 4069 513 5587 9753 8588 2989 1564 4147 7247 4371 3978 613 4819 7826 797 5172 4790 2962 6901 9579 4940 8932
